13:32:05 INFO  : Registering command handlers for SDK TCF services
13:32:06 INFO  : Launching XSCT server: xsct.bat -interactive E:\WorkSpace\project\FPGA\prj_sc030_V2.0_emmc\prj_sc030\prj_sc030.sdk\temp_xsdb_launch_script.tcl
13:32:09 INFO  : XSCT server has started successfully.
13:32:13 INFO  : Successfully done setting XSCT server connection channel  
13:32:13 INFO  : Successfully done setting SDK workspace  
13:32:13 INFO  : Processing command line option -hwspec E:/WorkSpace/project/FPGA/prj_sc030_V2.0_emmc/prj_sc030/prj_sc030.sdk/top.hdf.
13:32:13 INFO  : Checking for hwspec changes in the project top_hw_platform_3.
13:32:30 INFO  : 'targets -set -filter {jtag_cable_name =~ "Digilent JTAG-HS1 210512180081" && level==0} -index 1' command is executed.
13:32:30 INFO  : 'fpga -state' command is executed.
13:32:30 INFO  : Connected to target on host '127.0.0.1' and port '3121'.
13:32:30 INFO  : Jtag cable 'Digilent JTAG-HS1 210512180081' is selected.
13:32:30 INFO  : 'jtag frequency' command is executed.
13:32:30 INFO  : Sourcing of 'E:/WorkSpace/project/FPGA/prj_sc030_V2.0_emmc/prj_sc030/prj_sc030.sdk/top_hw_platform_0/ps7_init.tcl' is done.
13:32:30 INFO  : Context for 'APU' is selected.
13:32:30 INFO  : Hardware design information is loaded from 'E:/WorkSpace/project/FPGA/prj_sc030_V2.0_emmc/prj_sc030/prj_sc030.sdk/top_hw_platform_0/system.hdf'.
13:32:30 INFO  : 'configparams force-mem-access 1' command is executed.
13:32:30 INFO  : Context for 'APU' is selected.
13:32:30 INFO  : 'stop' command is executed.
13:32:30 INFO  : 'ps7_init' command is executed.
13:32:30 INFO  : 'ps7_post_config' command is executed.
13:32:30 INFO  : Context for processor 'ps7_cortexa9_0' is selected.
13:32:30 INFO  : Processor reset is completed for 'ps7_cortexa9_0'.
13:32:30 INFO  : Context for processor 'ps7_cortexa9_0' is selected.
13:32:31 INFO  : The application 'E:/WorkSpace/project/FPGA/prj_sc030_V2.0_emmc/prj_sc030/prj_sc030.sdk/ps/Debug/ps.elf' is downloaded to processor 'ps7_cortexa9_0'.
13:32:31 INFO  : 'configparams force-mem-access 0' command is executed.
13:32:31 INFO  : ----------------XSDB Script----------------
connect -url tcp:127.0.0.1:3121
source E:/WorkSpace/project/FPGA/prj_sc030_V2.0_emmc/prj_sc030/prj_sc030.sdk/top_hw_platform_0/ps7_init.tcl
targets -set -nocase -filter {name =~"APU*" && jtag_cable_name =~ "Digilent JTAG-HS1 210512180081"} -index 0
loadhw -hw E:/WorkSpace/project/FPGA/prj_sc030_V2.0_emmc/prj_sc030/prj_sc030.sdk/top_hw_platform_0/system.hdf -mem-ranges [list {0x40000000 0xbfffffff}]
configparams force-mem-access 1
targets -set -nocase -filter {name =~"APU*" && jtag_cable_name =~ "Digilent JTAG-HS1 210512180081"} -index 0
stop
ps7_init
ps7_post_config
targets -set -nocase -filter {name =~ "ARM*#0" && jtag_cable_name =~ "Digilent JTAG-HS1 210512180081"} -index 0
rst -processor
targets -set -nocase -filter {name =~ "ARM*#0" && jtag_cable_name =~ "Digilent JTAG-HS1 210512180081"} -index 0
dow E:/WorkSpace/project/FPGA/prj_sc030_V2.0_emmc/prj_sc030/prj_sc030.sdk/ps/Debug/ps.elf
configparams force-mem-access 0
----------------End of Script----------------

13:32:31 INFO  : Memory regions updated for context APU
13:32:31 INFO  : Context for processor 'ps7_cortexa9_0' is selected.
13:32:31 INFO  : 'con' command is executed.
13:32:31 INFO  : ----------------XSDB Script (After Launch)----------------
targets -set -nocase -filter {name =~ "ARM*#0" && jtag_cable_name =~ "Digilent JTAG-HS1 210512180081"} -index 0
con
----------------End of Script----------------

13:32:31 INFO  : Launch script is exported to file 'E:\WorkSpace\project\FPGA\prj_sc030_V2.0_emmc\prj_sc030\prj_sc030.sdk\.sdk\launch_scripts\xilinx_c-c++_application_(system_debugger)\system_debugger_using_debug_ps.elf_on_local.tcl'
13:33:27 INFO  : Disconnected from the channel tcfchan#1.
13:33:28 INFO  : 'targets -set -filter {jtag_cable_name =~ "Digilent JTAG-HS1 210512180081" && level==0} -index 1' command is executed.
13:33:28 INFO  : 'fpga -state' command is executed.
13:33:28 INFO  : Connected to target on host '127.0.0.1' and port '3121'.
13:33:28 INFO  : Jtag cable 'Digilent JTAG-HS1 210512180081' is selected.
13:33:28 INFO  : 'jtag frequency' command is executed.
13:33:28 INFO  : Sourcing of 'E:/WorkSpace/project/FPGA/prj_sc030_V2.0_emmc/prj_sc030/prj_sc030.sdk/top_hw_platform_0/ps7_init.tcl' is done.
13:33:28 INFO  : Context for 'APU' is selected.
13:33:29 INFO  : Hardware design information is loaded from 'E:/WorkSpace/project/FPGA/prj_sc030_V2.0_emmc/prj_sc030/prj_sc030.sdk/top_hw_platform_0/system.hdf'.
13:33:29 INFO  : 'configparams force-mem-access 1' command is executed.
13:33:29 INFO  : Context for 'APU' is selected.
13:33:29 INFO  : 'stop' command is executed.
13:33:30 INFO  : 'ps7_init' command is executed.
13:33:30 INFO  : 'ps7_post_config' command is executed.
13:33:30 INFO  : Context for processor 'ps7_cortexa9_0' is selected.
13:33:30 INFO  : Processor reset is completed for 'ps7_cortexa9_0'.
13:33:30 INFO  : Context for processor 'ps7_cortexa9_0' is selected.
13:33:30 INFO  : The application 'E:/WorkSpace/project/FPGA/prj_sc030_V2.0_emmc/prj_sc030/prj_sc030.sdk/ps/Debug/ps.elf' is downloaded to processor 'ps7_cortexa9_0'.
13:33:30 INFO  : 'configparams force-mem-access 0' command is executed.
13:33:30 INFO  : ----------------XSDB Script----------------
connect -url tcp:127.0.0.1:3121
source E:/WorkSpace/project/FPGA/prj_sc030_V2.0_emmc/prj_sc030/prj_sc030.sdk/top_hw_platform_0/ps7_init.tcl
targets -set -nocase -filter {name =~"APU*" && jtag_cable_name =~ "Digilent JTAG-HS1 210512180081"} -index 0
loadhw -hw E:/WorkSpace/project/FPGA/prj_sc030_V2.0_emmc/prj_sc030/prj_sc030.sdk/top_hw_platform_0/system.hdf -mem-ranges [list {0x40000000 0xbfffffff}]
configparams force-mem-access 1
targets -set -nocase -filter {name =~"APU*" && jtag_cable_name =~ "Digilent JTAG-HS1 210512180081"} -index 0
stop
ps7_init
ps7_post_config
targets -set -nocase -filter {name =~ "ARM*#0" && jtag_cable_name =~ "Digilent JTAG-HS1 210512180081"} -index 0
rst -processor
targets -set -nocase -filter {name =~ "ARM*#0" && jtag_cable_name =~ "Digilent JTAG-HS1 210512180081"} -index 0
dow E:/WorkSpace/project/FPGA/prj_sc030_V2.0_emmc/prj_sc030/prj_sc030.sdk/ps/Debug/ps.elf
configparams force-mem-access 0
----------------End of Script----------------

13:33:30 INFO  : Memory regions updated for context APU
13:33:30 INFO  : Context for processor 'ps7_cortexa9_0' is selected.
13:33:30 INFO  : 'con' command is executed.
13:33:30 INFO  : ----------------XSDB Script (After Launch)----------------
targets -set -nocase -filter {name =~ "ARM*#0" && jtag_cable_name =~ "Digilent JTAG-HS1 210512180081"} -index 0
con
----------------End of Script----------------

13:33:30 INFO  : Launch script is exported to file 'E:\WorkSpace\project\FPGA\prj_sc030_V2.0_emmc\prj_sc030\prj_sc030.sdk\.sdk\launch_scripts\xilinx_c-c++_application_(system_debugger)\system_debugger_using_debug_ps.elf_on_local.tcl'
13:35:53 INFO  : Disconnected from the channel tcfchan#2.
13:35:54 INFO  : 'targets -set -filter {jtag_cable_name =~ "Digilent JTAG-HS1 210512180081" && level==0} -index 1' command is executed.
13:35:54 INFO  : 'fpga -state' command is executed.
13:35:54 INFO  : Connected to target on host '127.0.0.1' and port '3121'.
13:35:54 INFO  : Jtag cable 'Digilent JTAG-HS1 210512180081' is selected.
13:35:54 INFO  : 'jtag frequency' command is executed.
13:35:54 INFO  : Sourcing of 'E:/WorkSpace/project/FPGA/prj_sc030_V2.0_emmc/prj_sc030/prj_sc030.sdk/top_hw_platform_0/ps7_init.tcl' is done.
13:35:54 INFO  : Context for 'APU' is selected.
13:35:54 INFO  : Hardware design information is loaded from 'E:/WorkSpace/project/FPGA/prj_sc030_V2.0_emmc/prj_sc030/prj_sc030.sdk/top_hw_platform_0/system.hdf'.
13:35:54 INFO  : 'configparams force-mem-access 1' command is executed.
13:35:54 INFO  : Context for 'APU' is selected.
13:35:54 INFO  : 'stop' command is executed.
13:35:55 INFO  : 'ps7_init' command is executed.
13:35:55 INFO  : 'ps7_post_config' command is executed.
13:35:55 INFO  : Context for processor 'ps7_cortexa9_0' is selected.
13:35:55 INFO  : Processor reset is completed for 'ps7_cortexa9_0'.
13:35:55 INFO  : Context for processor 'ps7_cortexa9_0' is selected.
13:35:55 INFO  : The application 'E:/WorkSpace/project/FPGA/prj_sc030_V2.0_emmc/prj_sc030/prj_sc030.sdk/ps/Debug/ps.elf' is downloaded to processor 'ps7_cortexa9_0'.
13:35:55 INFO  : 'configparams force-mem-access 0' command is executed.
13:35:55 INFO  : ----------------XSDB Script----------------
connect -url tcp:127.0.0.1:3121
source E:/WorkSpace/project/FPGA/prj_sc030_V2.0_emmc/prj_sc030/prj_sc030.sdk/top_hw_platform_0/ps7_init.tcl
targets -set -nocase -filter {name =~"APU*" && jtag_cable_name =~ "Digilent JTAG-HS1 210512180081"} -index 0
loadhw -hw E:/WorkSpace/project/FPGA/prj_sc030_V2.0_emmc/prj_sc030/prj_sc030.sdk/top_hw_platform_0/system.hdf -mem-ranges [list {0x40000000 0xbfffffff}]
configparams force-mem-access 1
targets -set -nocase -filter {name =~"APU*" && jtag_cable_name =~ "Digilent JTAG-HS1 210512180081"} -index 0
stop
ps7_init
ps7_post_config
targets -set -nocase -filter {name =~ "ARM*#0" && jtag_cable_name =~ "Digilent JTAG-HS1 210512180081"} -index 0
rst -processor
targets -set -nocase -filter {name =~ "ARM*#0" && jtag_cable_name =~ "Digilent JTAG-HS1 210512180081"} -index 0
dow E:/WorkSpace/project/FPGA/prj_sc030_V2.0_emmc/prj_sc030/prj_sc030.sdk/ps/Debug/ps.elf
configparams force-mem-access 0
----------------End of Script----------------

13:35:55 INFO  : Memory regions updated for context APU
13:35:55 INFO  : Context for processor 'ps7_cortexa9_0' is selected.
13:35:55 INFO  : 'con' command is executed.
13:35:55 INFO  : ----------------XSDB Script (After Launch)----------------
targets -set -nocase -filter {name =~ "ARM*#0" && jtag_cable_name =~ "Digilent JTAG-HS1 210512180081"} -index 0
con
----------------End of Script----------------

13:35:55 INFO  : Launch script is exported to file 'E:\WorkSpace\project\FPGA\prj_sc030_V2.0_emmc\prj_sc030\prj_sc030.sdk\.sdk\launch_scripts\xilinx_c-c++_application_(system_debugger)\system_debugger_using_debug_ps.elf_on_local.tcl'
13:38:35 INFO  : Dumping Memory Contents ...
13:38:36 INFO  : Dumped Memory Contents Successfully to E:\WorkSpace\images\top.bin
13:38:36 ERROR : Failed to Connect to HW Server, Reason: Command [C 5728 RunControl getChildren "JTAG-jsn-JTAG-HS1-210512180081-4ba00477-...] aborted
13:38:36 ERROR : Failed to Connect to HW Server, Reason: Command [C 5730 RunControl getChildren "JTAG-jsn-JTAG-HS1-210512180081-4ba00477-...] aborted
13:42:08 INFO  : Disconnected from the channel tcfchan#3.
13:42:09 INFO  : 'targets -set -filter {jtag_cable_name =~ "Digilent JTAG-HS1 210512180081" && level==0} -index 1' command is executed.
13:42:09 INFO  : 'fpga -state' command is executed.
13:42:09 INFO  : Connected to target on host '127.0.0.1' and port '3121'.
13:42:09 INFO  : Jtag cable 'Digilent JTAG-HS1 210512180081' is selected.
13:42:09 INFO  : 'jtag frequency' command is executed.
13:42:09 INFO  : Sourcing of 'E:/WorkSpace/project/FPGA/prj_sc030_V2.0_emmc/prj_sc030/prj_sc030.sdk/top_hw_platform_0/ps7_init.tcl' is done.
13:42:10 INFO  : Context for 'APU' is selected.
13:42:10 INFO  : Hardware design information is loaded from 'E:/WorkSpace/project/FPGA/prj_sc030_V2.0_emmc/prj_sc030/prj_sc030.sdk/top_hw_platform_0/system.hdf'.
13:42:10 INFO  : 'configparams force-mem-access 1' command is executed.
13:42:10 INFO  : Context for 'APU' is selected.
13:42:10 INFO  : 'stop' command is executed.
13:42:10 INFO  : 'ps7_init' command is executed.
13:42:10 INFO  : 'ps7_post_config' command is executed.
13:42:10 INFO  : Context for processor 'ps7_cortexa9_0' is selected.
13:42:10 INFO  : Processor reset is completed for 'ps7_cortexa9_0'.
13:42:10 INFO  : Context for processor 'ps7_cortexa9_0' is selected.
13:42:10 INFO  : The application 'E:/WorkSpace/project/FPGA/prj_sc030_V2.0_emmc/prj_sc030/prj_sc030.sdk/ps/Debug/ps.elf' is downloaded to processor 'ps7_cortexa9_0'.
13:42:10 INFO  : 'configparams force-mem-access 0' command is executed.
13:42:10 INFO  : ----------------XSDB Script----------------
connect -url tcp:127.0.0.1:3121
source E:/WorkSpace/project/FPGA/prj_sc030_V2.0_emmc/prj_sc030/prj_sc030.sdk/top_hw_platform_0/ps7_init.tcl
targets -set -nocase -filter {name =~"APU*" && jtag_cable_name =~ "Digilent JTAG-HS1 210512180081"} -index 0
loadhw -hw E:/WorkSpace/project/FPGA/prj_sc030_V2.0_emmc/prj_sc030/prj_sc030.sdk/top_hw_platform_0/system.hdf -mem-ranges [list {0x40000000 0xbfffffff}]
configparams force-mem-access 1
targets -set -nocase -filter {name =~"APU*" && jtag_cable_name =~ "Digilent JTAG-HS1 210512180081"} -index 0
stop
ps7_init
ps7_post_config
targets -set -nocase -filter {name =~ "ARM*#0" && jtag_cable_name =~ "Digilent JTAG-HS1 210512180081"} -index 0
rst -processor
targets -set -nocase -filter {name =~ "ARM*#0" && jtag_cable_name =~ "Digilent JTAG-HS1 210512180081"} -index 0
dow E:/WorkSpace/project/FPGA/prj_sc030_V2.0_emmc/prj_sc030/prj_sc030.sdk/ps/Debug/ps.elf
configparams force-mem-access 0
----------------End of Script----------------

13:42:10 INFO  : Memory regions updated for context APU
13:42:10 INFO  : Context for processor 'ps7_cortexa9_0' is selected.
13:42:10 INFO  : 'con' command is executed.
13:42:10 INFO  : ----------------XSDB Script (After Launch)----------------
targets -set -nocase -filter {name =~ "ARM*#0" && jtag_cable_name =~ "Digilent JTAG-HS1 210512180081"} -index 0
con
----------------End of Script----------------

13:42:10 INFO  : Launch script is exported to file 'E:\WorkSpace\project\FPGA\prj_sc030_V2.0_emmc\prj_sc030\prj_sc030.sdk\.sdk\launch_scripts\xilinx_c-c++_application_(system_debugger)\system_debugger_using_debug_ps.elf_on_local.tcl'
17:10:40 INFO  : Disconnected from the channel tcfchan#4.
17:10:41 INFO  : 'targets -set -filter {jtag_cable_name =~ "Digilent JTAG-HS1 210512180081" && level==0} -index 1' command is executed.
17:10:41 INFO  : 'fpga -state' command is executed.
17:10:41 INFO  : Connected to target on host '127.0.0.1' and port '3121'.
17:10:42 INFO  : Jtag cable 'Digilent JTAG-HS1 210512180081' is selected.
17:10:42 INFO  : 'jtag frequency' command is executed.
17:10:42 INFO  : Sourcing of 'E:/WorkSpace/project/FPGA/prj_sc030_V2.0_emmc/prj_sc030/prj_sc030.sdk/top_hw_platform_0/ps7_init.tcl' is done.
17:10:42 INFO  : Context for 'APU' is selected.
17:10:42 INFO  : Hardware design information is loaded from 'E:/WorkSpace/project/FPGA/prj_sc030_V2.0_emmc/prj_sc030/prj_sc030.sdk/top_hw_platform_0/system.hdf'.
17:10:42 INFO  : 'configparams force-mem-access 1' command is executed.
17:10:42 INFO  : Context for 'APU' is selected.
17:10:42 INFO  : 'stop' command is executed.
17:10:42 INFO  : 'ps7_init' command is executed.
17:10:42 INFO  : 'ps7_post_config' command is executed.
17:10:42 INFO  : Context for processor 'ps7_cortexa9_0' is selected.
17:10:42 INFO  : Processor reset is completed for 'ps7_cortexa9_0'.
17:10:42 INFO  : Context for processor 'ps7_cortexa9_0' is selected.
17:10:42 INFO  : The application 'E:/WorkSpace/project/FPGA/prj_sc030_V2.0_emmc/prj_sc030/prj_sc030.sdk/ps/Debug/ps.elf' is downloaded to processor 'ps7_cortexa9_0'.
17:10:42 INFO  : 'configparams force-mem-access 0' command is executed.
17:10:42 INFO  : ----------------XSDB Script----------------
connect -url tcp:127.0.0.1:3121
source E:/WorkSpace/project/FPGA/prj_sc030_V2.0_emmc/prj_sc030/prj_sc030.sdk/top_hw_platform_0/ps7_init.tcl
targets -set -nocase -filter {name =~"APU*" && jtag_cable_name =~ "Digilent JTAG-HS1 210512180081"} -index 0
loadhw -hw E:/WorkSpace/project/FPGA/prj_sc030_V2.0_emmc/prj_sc030/prj_sc030.sdk/top_hw_platform_0/system.hdf -mem-ranges [list {0x40000000 0xbfffffff}]
configparams force-mem-access 1
targets -set -nocase -filter {name =~"APU*" && jtag_cable_name =~ "Digilent JTAG-HS1 210512180081"} -index 0
stop
ps7_init
ps7_post_config
targets -set -nocase -filter {name =~ "ARM*#0" && jtag_cable_name =~ "Digilent JTAG-HS1 210512180081"} -index 0
rst -processor
targets -set -nocase -filter {name =~ "ARM*#0" && jtag_cable_name =~ "Digilent JTAG-HS1 210512180081"} -index 0
dow E:/WorkSpace/project/FPGA/prj_sc030_V2.0_emmc/prj_sc030/prj_sc030.sdk/ps/Debug/ps.elf
configparams force-mem-access 0
----------------End of Script----------------

17:10:42 INFO  : Memory regions updated for context APU
17:10:43 INFO  : Context for processor 'ps7_cortexa9_0' is selected.
17:10:43 INFO  : 'con' command is executed.
17:10:43 INFO  : ----------------XSDB Script (After Launch)----------------
targets -set -nocase -filter {name =~ "ARM*#0" && jtag_cable_name =~ "Digilent JTAG-HS1 210512180081"} -index 0
con
----------------End of Script----------------

17:10:43 INFO  : Launch script is exported to file 'E:\WorkSpace\project\FPGA\prj_sc030_V2.0_emmc\prj_sc030\prj_sc030.sdk\.sdk\launch_scripts\xilinx_c-c++_application_(system_debugger)\system_debugger_using_debug_ps.elf_on_local.tcl'
17:19:50 INFO  : Disconnected from the channel tcfchan#5.
17:19:51 INFO  : 'targets -set -filter {jtag_cable_name =~ "Digilent JTAG-HS1 210512180081" && level==0} -index 1' command is executed.
17:19:51 INFO  : 'fpga -state' command is executed.
17:19:51 INFO  : Connected to target on host '127.0.0.1' and port '3121'.
17:19:51 INFO  : Jtag cable 'Digilent JTAG-HS1 210512180081' is selected.
17:19:51 INFO  : 'jtag frequency' command is executed.
17:19:51 INFO  : Sourcing of 'E:/WorkSpace/project/FPGA/prj_sc030_V2.0_emmc/prj_sc030/prj_sc030.sdk/top_hw_platform_0/ps7_init.tcl' is done.
17:19:51 INFO  : Context for 'APU' is selected.
17:19:51 INFO  : Hardware design information is loaded from 'E:/WorkSpace/project/FPGA/prj_sc030_V2.0_emmc/prj_sc030/prj_sc030.sdk/top_hw_platform_0/system.hdf'.
17:19:51 INFO  : 'configparams force-mem-access 1' command is executed.
17:19:51 INFO  : Context for 'APU' is selected.
17:19:51 INFO  : 'stop' command is executed.
17:19:52 INFO  : 'ps7_init' command is executed.
17:19:52 INFO  : 'ps7_post_config' command is executed.
17:19:52 INFO  : Context for processor 'ps7_cortexa9_0' is selected.
17:19:52 INFO  : Processor reset is completed for 'ps7_cortexa9_0'.
17:19:52 INFO  : Context for processor 'ps7_cortexa9_0' is selected.
17:19:52 INFO  : The application 'E:/WorkSpace/project/FPGA/prj_sc030_V2.0_emmc/prj_sc030/prj_sc030.sdk/ps/Debug/ps.elf' is downloaded to processor 'ps7_cortexa9_0'.
17:19:52 INFO  : 'configparams force-mem-access 0' command is executed.
17:19:52 INFO  : ----------------XSDB Script----------------
connect -url tcp:127.0.0.1:3121
source E:/WorkSpace/project/FPGA/prj_sc030_V2.0_emmc/prj_sc030/prj_sc030.sdk/top_hw_platform_0/ps7_init.tcl
targets -set -nocase -filter {name =~"APU*" && jtag_cable_name =~ "Digilent JTAG-HS1 210512180081"} -index 0
loadhw -hw E:/WorkSpace/project/FPGA/prj_sc030_V2.0_emmc/prj_sc030/prj_sc030.sdk/top_hw_platform_0/system.hdf -mem-ranges [list {0x40000000 0xbfffffff}]
configparams force-mem-access 1
targets -set -nocase -filter {name =~"APU*" && jtag_cable_name =~ "Digilent JTAG-HS1 210512180081"} -index 0
stop
ps7_init
ps7_post_config
targets -set -nocase -filter {name =~ "ARM*#0" && jtag_cable_name =~ "Digilent JTAG-HS1 210512180081"} -index 0
rst -processor
targets -set -nocase -filter {name =~ "ARM*#0" && jtag_cable_name =~ "Digilent JTAG-HS1 210512180081"} -index 0
dow E:/WorkSpace/project/FPGA/prj_sc030_V2.0_emmc/prj_sc030/prj_sc030.sdk/ps/Debug/ps.elf
configparams force-mem-access 0
----------------End of Script----------------

17:19:52 INFO  : Memory regions updated for context APU
17:19:52 INFO  : Context for processor 'ps7_cortexa9_0' is selected.
17:19:52 INFO  : 'con' command is executed.
17:19:52 INFO  : ----------------XSDB Script (After Launch)----------------
targets -set -nocase -filter {name =~ "ARM*#0" && jtag_cable_name =~ "Digilent JTAG-HS1 210512180081"} -index 0
con
----------------End of Script----------------

17:19:52 INFO  : Launch script is exported to file 'E:\WorkSpace\project\FPGA\prj_sc030_V2.0_emmc\prj_sc030\prj_sc030.sdk\.sdk\launch_scripts\xilinx_c-c++_application_(system_debugger)\system_debugger_using_debug_ps.elf_on_local.tcl'
17:20:40 INFO  : Disconnected from the channel tcfchan#6.
17:20:41 INFO  : 'targets -set -filter {jtag_cable_name =~ "Digilent JTAG-HS1 210512180081" && level==0} -index 1' command is executed.
17:20:41 INFO  : 'fpga -state' command is executed.
17:20:41 INFO  : Connected to target on host '127.0.0.1' and port '3121'.
17:20:41 INFO  : Jtag cable 'Digilent JTAG-HS1 210512180081' is selected.
17:20:41 INFO  : 'jtag frequency' command is executed.
17:20:41 INFO  : Sourcing of 'E:/WorkSpace/project/FPGA/prj_sc030_V2.0_emmc/prj_sc030/prj_sc030.sdk/top_hw_platform_0/ps7_init.tcl' is done.
17:20:41 INFO  : Context for 'APU' is selected.
17:20:41 INFO  : Hardware design information is loaded from 'E:/WorkSpace/project/FPGA/prj_sc030_V2.0_emmc/prj_sc030/prj_sc030.sdk/top_hw_platform_0/system.hdf'.
17:20:41 INFO  : 'configparams force-mem-access 1' command is executed.
17:20:41 INFO  : Context for 'APU' is selected.
17:20:41 INFO  : 'stop' command is executed.
17:20:41 INFO  : 'ps7_init' command is executed.
17:20:41 INFO  : 'ps7_post_config' command is executed.
17:20:41 INFO  : Context for processor 'ps7_cortexa9_0' is selected.
17:20:42 INFO  : Processor reset is completed for 'ps7_cortexa9_0'.
17:20:42 INFO  : Context for processor 'ps7_cortexa9_0' is selected.
17:20:42 INFO  : The application 'E:/WorkSpace/project/FPGA/prj_sc030_V2.0_emmc/prj_sc030/prj_sc030.sdk/ps/Debug/ps.elf' is downloaded to processor 'ps7_cortexa9_0'.
17:20:42 INFO  : 'configparams force-mem-access 0' command is executed.
17:20:42 INFO  : ----------------XSDB Script----------------
connect -url tcp:127.0.0.1:3121
source E:/WorkSpace/project/FPGA/prj_sc030_V2.0_emmc/prj_sc030/prj_sc030.sdk/top_hw_platform_0/ps7_init.tcl
targets -set -nocase -filter {name =~"APU*" && jtag_cable_name =~ "Digilent JTAG-HS1 210512180081"} -index 0
loadhw -hw E:/WorkSpace/project/FPGA/prj_sc030_V2.0_emmc/prj_sc030/prj_sc030.sdk/top_hw_platform_0/system.hdf -mem-ranges [list {0x40000000 0xbfffffff}]
configparams force-mem-access 1
targets -set -nocase -filter {name =~"APU*" && jtag_cable_name =~ "Digilent JTAG-HS1 210512180081"} -index 0
stop
ps7_init
ps7_post_config
targets -set -nocase -filter {name =~ "ARM*#0" && jtag_cable_name =~ "Digilent JTAG-HS1 210512180081"} -index 0
rst -processor
targets -set -nocase -filter {name =~ "ARM*#0" && jtag_cable_name =~ "Digilent JTAG-HS1 210512180081"} -index 0
dow E:/WorkSpace/project/FPGA/prj_sc030_V2.0_emmc/prj_sc030/prj_sc030.sdk/ps/Debug/ps.elf
configparams force-mem-access 0
----------------End of Script----------------

17:20:42 INFO  : Memory regions updated for context APU
17:20:42 INFO  : Context for processor 'ps7_cortexa9_0' is selected.
17:20:42 INFO  : 'con' command is executed.
17:20:42 INFO  : ----------------XSDB Script (After Launch)----------------
targets -set -nocase -filter {name =~ "ARM*#0" && jtag_cable_name =~ "Digilent JTAG-HS1 210512180081"} -index 0
con
----------------End of Script----------------

17:20:42 INFO  : Launch script is exported to file 'E:\WorkSpace\project\FPGA\prj_sc030_V2.0_emmc\prj_sc030\prj_sc030.sdk\.sdk\launch_scripts\xilinx_c-c++_application_(system_debugger)\system_debugger_using_debug_ps.elf_on_local.tcl'
17:22:09 INFO  : Dumping Memory Contents ...
17:22:10 INFO  : Dumped Memory Contents Successfully to E:\WorkSpace\images\top.bin
17:22:10 ERROR : Failed to Connect to HW Server, Reason: Command [C 9286 RunControl getChildren "JTAG-jsn-JTAG-HS1-210512180081-4ba00477-...] aborted
17:22:10 ERROR : Failed to Connect to HW Server, Reason: Command [C 9288 RunControl getChildren "JTAG-jsn-JTAG-HS1-210512180081-4ba00477-...] aborted
17:23:23 INFO  : Dumping Memory Contents ...
17:23:24 INFO  : Dumped Memory Contents Successfully to E:\WorkSpace\images\top.bin
17:23:24 ERROR : Failed to Connect to HW Server, Reason: Command [C 9306 RunControl getChildren "JTAG-jsn-JTAG-HS1-210512180081-4ba00477-...] aborted
17:23:24 ERROR : Failed to Connect to HW Server, Reason: Command [C 9308 RunControl getChildren "JTAG-jsn-JTAG-HS1-210512180081-4ba00477-...] aborted
17:24:12 INFO  : Dumping Memory Contents ...
17:24:13 INFO  : Dumped Memory Contents Successfully to E:\WorkSpace\images\top.bin
17:24:13 ERROR : Failed to Connect to HW Server, Reason: Command [C 9486 RunControl getChildren "JTAG-jsn-JTAG-HS1-210512180081-4ba00477-...] aborted
17:24:13 ERROR : Failed to Connect to HW Server, Reason: Command [C 9488 RunControl getChildren "JTAG-jsn-JTAG-HS1-210512180081-4ba00477-...] aborted
17:31:33 INFO  : Disconnected from the channel tcfchan#7.
17:31:34 INFO  : 'targets -set -filter {jtag_cable_name =~ "Digilent JTAG-HS1 210512180081" && level==0} -index 1' command is executed.
17:31:34 INFO  : 'fpga -state' command is executed.
17:31:34 INFO  : Connected to target on host '127.0.0.1' and port '3121'.
17:31:34 INFO  : Jtag cable 'Digilent JTAG-HS1 210512180081' is selected.
17:31:34 INFO  : 'jtag frequency' command is executed.
17:31:34 INFO  : Sourcing of 'E:/WorkSpace/project/FPGA/prj_sc030_V2.0_emmc/prj_sc030/prj_sc030.sdk/top_hw_platform_0/ps7_init.tcl' is done.
17:31:34 INFO  : Context for 'APU' is selected.
17:31:34 INFO  : Hardware design information is loaded from 'E:/WorkSpace/project/FPGA/prj_sc030_V2.0_emmc/prj_sc030/prj_sc030.sdk/top_hw_platform_0/system.hdf'.
17:31:34 INFO  : 'configparams force-mem-access 1' command is executed.
17:31:34 INFO  : Context for 'APU' is selected.
17:31:34 INFO  : 'stop' command is executed.
17:31:35 INFO  : 'ps7_init' command is executed.
17:31:35 INFO  : 'ps7_post_config' command is executed.
17:31:35 INFO  : Context for processor 'ps7_cortexa9_0' is selected.
17:31:35 INFO  : Processor reset is completed for 'ps7_cortexa9_0'.
17:31:35 INFO  : Context for processor 'ps7_cortexa9_0' is selected.
17:31:35 INFO  : The application 'E:/WorkSpace/project/FPGA/prj_sc030_V2.0_emmc/prj_sc030/prj_sc030.sdk/ps/Debug/ps.elf' is downloaded to processor 'ps7_cortexa9_0'.
17:31:35 INFO  : 'configparams force-mem-access 0' command is executed.
17:31:35 INFO  : ----------------XSDB Script----------------
connect -url tcp:127.0.0.1:3121
source E:/WorkSpace/project/FPGA/prj_sc030_V2.0_emmc/prj_sc030/prj_sc030.sdk/top_hw_platform_0/ps7_init.tcl
targets -set -nocase -filter {name =~"APU*" && jtag_cable_name =~ "Digilent JTAG-HS1 210512180081"} -index 0
loadhw -hw E:/WorkSpace/project/FPGA/prj_sc030_V2.0_emmc/prj_sc030/prj_sc030.sdk/top_hw_platform_0/system.hdf -mem-ranges [list {0x40000000 0xbfffffff}]
configparams force-mem-access 1
targets -set -nocase -filter {name =~"APU*" && jtag_cable_name =~ "Digilent JTAG-HS1 210512180081"} -index 0
stop
ps7_init
ps7_post_config
targets -set -nocase -filter {name =~ "ARM*#0" && jtag_cable_name =~ "Digilent JTAG-HS1 210512180081"} -index 0
rst -processor
targets -set -nocase -filter {name =~ "ARM*#0" && jtag_cable_name =~ "Digilent JTAG-HS1 210512180081"} -index 0
dow E:/WorkSpace/project/FPGA/prj_sc030_V2.0_emmc/prj_sc030/prj_sc030.sdk/ps/Debug/ps.elf
configparams force-mem-access 0
----------------End of Script----------------

17:31:35 INFO  : Memory regions updated for context APU
17:31:35 INFO  : Context for processor 'ps7_cortexa9_0' is selected.
17:31:35 INFO  : 'con' command is executed.
17:31:35 INFO  : ----------------XSDB Script (After Launch)----------------
targets -set -nocase -filter {name =~ "ARM*#0" && jtag_cable_name =~ "Digilent JTAG-HS1 210512180081"} -index 0
con
----------------End of Script----------------

17:31:35 INFO  : Launch script is exported to file 'E:\WorkSpace\project\FPGA\prj_sc030_V2.0_emmc\prj_sc030\prj_sc030.sdk\.sdk\launch_scripts\xilinx_c-c++_application_(system_debugger)\system_debugger_using_debug_ps.elf_on_local.tcl'
17:32:26 INFO  : Dumping Memory Contents ...
17:32:27 INFO  : Dumped Memory Contents Successfully to E:\WorkSpace\images\top.bin
17:32:27 ERROR : Failed to Connect to HW Server, Reason: Command [C 10724 RunControl getChildren "JTAG-jsn-JTAG-HS1-210512180081-4ba00477...] aborted
17:32:27 ERROR : Failed to Connect to HW Server, Reason: Command [C 10726 RunControl getChildren "JTAG-jsn-JTAG-HS1-210512180081-4ba00477...] aborted
17:34:15 INFO  : Dumping Memory Contents ...
17:34:16 INFO  : Dumped Memory Contents Successfully to E:\WorkSpace\images\top.bin
17:34:16 ERROR : Failed to Connect to HW Server, Reason: Command [C 10904 RunControl getChildren "JTAG-jsn-JTAG-HS1-210512180081-4ba00477...] aborted
17:34:16 ERROR : Failed to Connect to HW Server, Reason: Command [C 10906 RunControl getChildren "JTAG-jsn-JTAG-HS1-210512180081-4ba00477...] aborted
17:42:53 INFO  : Dumping Memory Contents ...
17:42:55 INFO  : Dumped Memory Contents Successfully to E:\WorkSpace\images\top.bin
17:42:55 ERROR : Failed to Connect to HW Server, Reason: Command [C 11508 RunControl getChildren "JTAG-jsn-JTAG-HS1-210512180081-4ba00477...] aborted
17:42:55 ERROR : Failed to Connect to HW Server, Reason: Command [C 11510 RunControl getChildren "JTAG-jsn-JTAG-HS1-210512180081-4ba00477...] aborted
18:11:59 INFO  : Disconnected from the channel tcfchan#8.
18:12:00 INFO  : 'targets -set -filter {jtag_cable_name =~ "Digilent JTAG-HS1 210512180081" && level==0} -index 1' command is executed.
18:12:00 INFO  : 'fpga -state' command is executed.
18:12:00 INFO  : Connected to target on host '127.0.0.1' and port '3121'.
18:12:00 INFO  : Jtag cable 'Digilent JTAG-HS1 210512180081' is selected.
18:12:00 INFO  : 'jtag frequency' command is executed.
18:12:00 INFO  : Sourcing of 'E:/WorkSpace/project/FPGA/prj_sc030_V2.0_emmc/prj_sc030/prj_sc030.sdk/top_hw_platform_0/ps7_init.tcl' is done.
18:12:00 INFO  : Context for 'APU' is selected.
18:12:00 INFO  : Hardware design information is loaded from 'E:/WorkSpace/project/FPGA/prj_sc030_V2.0_emmc/prj_sc030/prj_sc030.sdk/top_hw_platform_0/system.hdf'.
18:12:00 INFO  : 'configparams force-mem-access 1' command is executed.
18:12:00 INFO  : Context for 'APU' is selected.
18:12:00 INFO  : 'stop' command is executed.
18:12:01 INFO  : 'ps7_init' command is executed.
18:12:01 INFO  : 'ps7_post_config' command is executed.
18:12:01 INFO  : Context for processor 'ps7_cortexa9_0' is selected.
18:12:01 INFO  : Processor reset is completed for 'ps7_cortexa9_0'.
18:12:01 INFO  : Context for processor 'ps7_cortexa9_0' is selected.
18:12:01 INFO  : The application 'E:/WorkSpace/project/FPGA/prj_sc030_V2.0_emmc/prj_sc030/prj_sc030.sdk/ps/Debug/ps.elf' is downloaded to processor 'ps7_cortexa9_0'.
18:12:01 INFO  : 'configparams force-mem-access 0' command is executed.
18:12:01 INFO  : ----------------XSDB Script----------------
connect -url tcp:127.0.0.1:3121
source E:/WorkSpace/project/FPGA/prj_sc030_V2.0_emmc/prj_sc030/prj_sc030.sdk/top_hw_platform_0/ps7_init.tcl
targets -set -nocase -filter {name =~"APU*" && jtag_cable_name =~ "Digilent JTAG-HS1 210512180081"} -index 0
loadhw -hw E:/WorkSpace/project/FPGA/prj_sc030_V2.0_emmc/prj_sc030/prj_sc030.sdk/top_hw_platform_0/system.hdf -mem-ranges [list {0x40000000 0xbfffffff}]
configparams force-mem-access 1
targets -set -nocase -filter {name =~"APU*" && jtag_cable_name =~ "Digilent JTAG-HS1 210512180081"} -index 0
stop
ps7_init
ps7_post_config
targets -set -nocase -filter {name =~ "ARM*#0" && jtag_cable_name =~ "Digilent JTAG-HS1 210512180081"} -index 0
rst -processor
targets -set -nocase -filter {name =~ "ARM*#0" && jtag_cable_name =~ "Digilent JTAG-HS1 210512180081"} -index 0
dow E:/WorkSpace/project/FPGA/prj_sc030_V2.0_emmc/prj_sc030/prj_sc030.sdk/ps/Debug/ps.elf
configparams force-mem-access 0
----------------End of Script----------------

18:12:01 INFO  : Memory regions updated for context APU
18:12:01 INFO  : Context for processor 'ps7_cortexa9_0' is selected.
18:12:01 INFO  : 'con' command is executed.
18:12:01 INFO  : ----------------XSDB Script (After Launch)----------------
targets -set -nocase -filter {name =~ "ARM*#0" && jtag_cable_name =~ "Digilent JTAG-HS1 210512180081"} -index 0
con
----------------End of Script----------------

18:12:01 INFO  : Launch script is exported to file 'E:\WorkSpace\project\FPGA\prj_sc030_V2.0_emmc\prj_sc030\prj_sc030.sdk\.sdk\launch_scripts\xilinx_c-c++_application_(system_debugger)\system_debugger_using_debug_ps.elf_on_local.tcl'
18:13:39 INFO  : Disconnected from the channel tcfchan#9.
18:13:41 INFO  : 'targets -set -filter {jtag_cable_name =~ "Digilent JTAG-HS1 210512180081" && level==0} -index 1' command is executed.
18:13:41 INFO  : 'fpga -state' command is executed.
18:13:41 INFO  : Connected to target on host '127.0.0.1' and port '3121'.
18:13:41 INFO  : Jtag cable 'Digilent JTAG-HS1 210512180081' is selected.
18:13:41 INFO  : 'jtag frequency' command is executed.
18:13:41 INFO  : Sourcing of 'E:/WorkSpace/project/FPGA/prj_sc030_V2.0_emmc/prj_sc030/prj_sc030.sdk/top_hw_platform_0/ps7_init.tcl' is done.
18:13:41 INFO  : Context for 'APU' is selected.
18:13:41 INFO  : Hardware design information is loaded from 'E:/WorkSpace/project/FPGA/prj_sc030_V2.0_emmc/prj_sc030/prj_sc030.sdk/top_hw_platform_0/system.hdf'.
18:13:41 INFO  : 'configparams force-mem-access 1' command is executed.
18:13:41 INFO  : Context for 'APU' is selected.
18:13:42 INFO  : 'stop' command is executed.
18:13:45 ERROR : Memory write error at 0xF8000004. Invalid DAP IDCODE. Invalid DAP ACK value: 0
18:13:45 INFO  : ----------------XSDB Script----------------
connect -url tcp:127.0.0.1:3121
source E:/WorkSpace/project/FPGA/prj_sc030_V2.0_emmc/prj_sc030/prj_sc030.sdk/top_hw_platform_0/ps7_init.tcl
targets -set -nocase -filter {name =~"APU*" && jtag_cable_name =~ "Digilent JTAG-HS1 210512180081"} -index 0
loadhw -hw E:/WorkSpace/project/FPGA/prj_sc030_V2.0_emmc/prj_sc030/prj_sc030.sdk/top_hw_platform_0/system.hdf -mem-ranges [list {0x40000000 0xbfffffff}]
configparams force-mem-access 1
targets -set -nocase -filter {name =~"APU*" && jtag_cable_name =~ "Digilent JTAG-HS1 210512180081"} -index 0
stop
ps7_init
----------------End of Script----------------

18:14:37 INFO  : 'targets -set -filter {jtag_cable_name =~ "Digilent JTAG-HS1 210512180081" && level==0} -index 1' command is executed.
18:14:37 INFO  : 'fpga -state' command is executed.
18:14:37 INFO  : Connected to target on host '127.0.0.1' and port '3121'.
18:14:37 INFO  : Jtag cable 'Digilent JTAG-HS1 210512180081' is selected.
18:14:37 INFO  : 'jtag frequency' command is executed.
18:14:37 INFO  : Sourcing of 'E:/WorkSpace/project/FPGA/prj_sc030_V2.0_emmc/prj_sc030/prj_sc030.sdk/top_hw_platform_0/ps7_init.tcl' is done.
18:14:37 INFO  : Context for 'APU' is selected.
18:14:37 INFO  : Hardware design information is loaded from 'E:/WorkSpace/project/FPGA/prj_sc030_V2.0_emmc/prj_sc030/prj_sc030.sdk/top_hw_platform_0/system.hdf'.
18:14:37 INFO  : 'configparams force-mem-access 1' command is executed.
18:14:37 INFO  : Context for 'APU' is selected.
18:14:37 INFO  : 'stop' command is executed.
18:14:38 INFO  : 'ps7_init' command is executed.
18:14:38 INFO  : 'ps7_post_config' command is executed.
18:14:38 INFO  : Context for processor 'ps7_cortexa9_0' is selected.
18:14:38 INFO  : Processor reset is completed for 'ps7_cortexa9_0'.
18:14:38 INFO  : Context for processor 'ps7_cortexa9_0' is selected.
18:14:38 INFO  : The application 'E:/WorkSpace/project/FPGA/prj_sc030_V2.0_emmc/prj_sc030/prj_sc030.sdk/ps/Debug/ps.elf' is downloaded to processor 'ps7_cortexa9_0'.
18:14:38 INFO  : 'configparams force-mem-access 0' command is executed.
18:14:38 INFO  : ----------------XSDB Script----------------
connect -url tcp:127.0.0.1:3121
source E:/WorkSpace/project/FPGA/prj_sc030_V2.0_emmc/prj_sc030/prj_sc030.sdk/top_hw_platform_0/ps7_init.tcl
targets -set -nocase -filter {name =~"APU*" && jtag_cable_name =~ "Digilent JTAG-HS1 210512180081"} -index 0
loadhw -hw E:/WorkSpace/project/FPGA/prj_sc030_V2.0_emmc/prj_sc030/prj_sc030.sdk/top_hw_platform_0/system.hdf -mem-ranges [list {0x40000000 0xbfffffff}]
configparams force-mem-access 1
targets -set -nocase -filter {name =~"APU*" && jtag_cable_name =~ "Digilent JTAG-HS1 210512180081"} -index 0
stop
ps7_init
ps7_post_config
targets -set -nocase -filter {name =~ "ARM*#0" && jtag_cable_name =~ "Digilent JTAG-HS1 210512180081"} -index 0
rst -processor
targets -set -nocase -filter {name =~ "ARM*#0" && jtag_cable_name =~ "Digilent JTAG-HS1 210512180081"} -index 0
dow E:/WorkSpace/project/FPGA/prj_sc030_V2.0_emmc/prj_sc030/prj_sc030.sdk/ps/Debug/ps.elf
configparams force-mem-access 0
----------------End of Script----------------

18:14:38 INFO  : Memory regions updated for context APU
18:14:38 INFO  : Context for processor 'ps7_cortexa9_0' is selected.
18:14:38 INFO  : 'con' command is executed.
18:14:38 INFO  : ----------------XSDB Script (After Launch)----------------
targets -set -nocase -filter {name =~ "ARM*#0" && jtag_cable_name =~ "Digilent JTAG-HS1 210512180081"} -index 0
con
----------------End of Script----------------

18:14:38 INFO  : Launch script is exported to file 'E:\WorkSpace\project\FPGA\prj_sc030_V2.0_emmc\prj_sc030\prj_sc030.sdk\.sdk\launch_scripts\xilinx_c-c++_application_(system_debugger)\system_debugger_using_debug_ps.elf_on_local.tcl'
18:15:35 INFO  : Dumping Memory Contents ...
18:15:36 INFO  : Dumped Memory Contents Successfully to E:\WorkSpace\images\top.bin
18:15:36 ERROR : Failed to Connect to HW Server, Reason: Command [C 13356 RunControl getChildren "JTAG-jsn-JTAG-HS1-210512180081-4ba00477...] aborted
18:15:36 ERROR : Failed to Connect to HW Server, Reason: Command [C 13358 RunControl getChildren "JTAG-jsn-JTAG-HS1-210512180081-4ba00477...] aborted
19:03:10 INFO  : Disconnected from the channel tcfchan#10.
19:03:11 INFO  : 'targets -set -filter {jtag_cable_name =~ "Digilent JTAG-HS1 210512180081" && level==0} -index 1' command is executed.
19:03:11 INFO  : 'fpga -state' command is executed.
19:03:11 INFO  : Connected to target on host '127.0.0.1' and port '3121'.
19:03:12 INFO  : Jtag cable 'Digilent JTAG-HS1 210512180081' is selected.
19:03:12 INFO  : 'jtag frequency' command is executed.
19:03:12 INFO  : Sourcing of 'E:/WorkSpace/project/FPGA/prj_sc030_V2.0_emmc/prj_sc030/prj_sc030.sdk/top_hw_platform_0/ps7_init.tcl' is done.
19:03:12 INFO  : Context for 'APU' is selected.
19:03:12 INFO  : Hardware design information is loaded from 'E:/WorkSpace/project/FPGA/prj_sc030_V2.0_emmc/prj_sc030/prj_sc030.sdk/top_hw_platform_0/system.hdf'.
19:03:12 INFO  : 'configparams force-mem-access 1' command is executed.
19:03:12 INFO  : Context for 'APU' is selected.
19:03:12 INFO  : 'stop' command is executed.
19:03:12 INFO  : 'ps7_init' command is executed.
19:03:12 INFO  : 'ps7_post_config' command is executed.
19:03:12 INFO  : Context for processor 'ps7_cortexa9_0' is selected.
19:03:12 INFO  : Processor reset is completed for 'ps7_cortexa9_0'.
19:03:12 INFO  : Context for processor 'ps7_cortexa9_0' is selected.
19:03:12 INFO  : The application 'E:/WorkSpace/project/FPGA/prj_sc030_V2.0_emmc/prj_sc030/prj_sc030.sdk/ps/Debug/ps.elf' is downloaded to processor 'ps7_cortexa9_0'.
19:03:12 INFO  : 'configparams force-mem-access 0' command is executed.
19:03:12 INFO  : ----------------XSDB Script----------------
connect -url tcp:127.0.0.1:3121
source E:/WorkSpace/project/FPGA/prj_sc030_V2.0_emmc/prj_sc030/prj_sc030.sdk/top_hw_platform_0/ps7_init.tcl
targets -set -nocase -filter {name =~"APU*" && jtag_cable_name =~ "Digilent JTAG-HS1 210512180081"} -index 0
loadhw -hw E:/WorkSpace/project/FPGA/prj_sc030_V2.0_emmc/prj_sc030/prj_sc030.sdk/top_hw_platform_0/system.hdf -mem-ranges [list {0x40000000 0xbfffffff}]
configparams force-mem-access 1
targets -set -nocase -filter {name =~"APU*" && jtag_cable_name =~ "Digilent JTAG-HS1 210512180081"} -index 0
stop
ps7_init
ps7_post_config
targets -set -nocase -filter {name =~ "ARM*#0" && jtag_cable_name =~ "Digilent JTAG-HS1 210512180081"} -index 0
rst -processor
targets -set -nocase -filter {name =~ "ARM*#0" && jtag_cable_name =~ "Digilent JTAG-HS1 210512180081"} -index 0
dow E:/WorkSpace/project/FPGA/prj_sc030_V2.0_emmc/prj_sc030/prj_sc030.sdk/ps/Debug/ps.elf
configparams force-mem-access 0
----------------End of Script----------------

19:03:12 INFO  : Memory regions updated for context APU
19:03:13 INFO  : Context for processor 'ps7_cortexa9_0' is selected.
19:03:13 INFO  : 'con' command is executed.
19:03:13 INFO  : ----------------XSDB Script (After Launch)----------------
targets -set -nocase -filter {name =~ "ARM*#0" && jtag_cable_name =~ "Digilent JTAG-HS1 210512180081"} -index 0
con
----------------End of Script----------------

19:03:13 INFO  : Launch script is exported to file 'E:\WorkSpace\project\FPGA\prj_sc030_V2.0_emmc\prj_sc030\prj_sc030.sdk\.sdk\launch_scripts\xilinx_c-c++_application_(system_debugger)\system_debugger_using_debug_ps.elf_on_local.tcl'
19:05:33 INFO  : Disconnected from the channel tcfchan#12.
19:05:34 INFO  : 'targets -set -filter {jtag_cable_name =~ "Digilent JTAG-HS1 210512180081" && level==0} -index 1' command is executed.
19:05:34 INFO  : 'fpga -state' command is executed.
19:05:34 INFO  : Connected to target on host '127.0.0.1' and port '3121'.
19:05:34 INFO  : Jtag cable 'Digilent JTAG-HS1 210512180081' is selected.
19:05:34 INFO  : 'jtag frequency' command is executed.
19:05:34 INFO  : Sourcing of 'E:/WorkSpace/project/FPGA/prj_sc030_V2.0_emmc/prj_sc030/prj_sc030.sdk/top_hw_platform_0/ps7_init.tcl' is done.
19:05:34 INFO  : Context for 'APU' is selected.
19:05:34 INFO  : Hardware design information is loaded from 'E:/WorkSpace/project/FPGA/prj_sc030_V2.0_emmc/prj_sc030/prj_sc030.sdk/top_hw_platform_0/system.hdf'.
19:05:34 INFO  : 'configparams force-mem-access 1' command is executed.
19:05:34 INFO  : Context for 'APU' is selected.
19:05:34 INFO  : 'stop' command is executed.
19:05:34 INFO  : 'ps7_init' command is executed.
19:05:34 INFO  : 'ps7_post_config' command is executed.
19:05:34 INFO  : Context for processor 'ps7_cortexa9_0' is selected.
19:05:34 INFO  : Processor reset is completed for 'ps7_cortexa9_0'.
19:05:34 INFO  : Context for processor 'ps7_cortexa9_0' is selected.
19:05:35 INFO  : The application 'E:/WorkSpace/project/FPGA/prj_sc030_V2.0_emmc/prj_sc030/prj_sc030.sdk/ps/Debug/ps.elf' is downloaded to processor 'ps7_cortexa9_0'.
19:05:35 INFO  : 'configparams force-mem-access 0' command is executed.
19:05:35 INFO  : ----------------XSDB Script----------------
connect -url tcp:127.0.0.1:3121
source E:/WorkSpace/project/FPGA/prj_sc030_V2.0_emmc/prj_sc030/prj_sc030.sdk/top_hw_platform_0/ps7_init.tcl
targets -set -nocase -filter {name =~"APU*" && jtag_cable_name =~ "Digilent JTAG-HS1 210512180081"} -index 0
loadhw -hw E:/WorkSpace/project/FPGA/prj_sc030_V2.0_emmc/prj_sc030/prj_sc030.sdk/top_hw_platform_0/system.hdf -mem-ranges [list {0x40000000 0xbfffffff}]
configparams force-mem-access 1
targets -set -nocase -filter {name =~"APU*" && jtag_cable_name =~ "Digilent JTAG-HS1 210512180081"} -index 0
stop
ps7_init
ps7_post_config
targets -set -nocase -filter {name =~ "ARM*#0" && jtag_cable_name =~ "Digilent JTAG-HS1 210512180081"} -index 0
rst -processor
targets -set -nocase -filter {name =~ "ARM*#0" && jtag_cable_name =~ "Digilent JTAG-HS1 210512180081"} -index 0
dow E:/WorkSpace/project/FPGA/prj_sc030_V2.0_emmc/prj_sc030/prj_sc030.sdk/ps/Debug/ps.elf
configparams force-mem-access 0
----------------End of Script----------------

19:05:35 INFO  : Memory regions updated for context APU
19:05:35 INFO  : Context for processor 'ps7_cortexa9_0' is selected.
19:05:35 INFO  : 'con' command is executed.
19:05:35 INFO  : ----------------XSDB Script (After Launch)----------------
targets -set -nocase -filter {name =~ "ARM*#0" && jtag_cable_name =~ "Digilent JTAG-HS1 210512180081"} -index 0
con
----------------End of Script----------------

19:05:35 INFO  : Launch script is exported to file 'E:\WorkSpace\project\FPGA\prj_sc030_V2.0_emmc\prj_sc030\prj_sc030.sdk\.sdk\launch_scripts\xilinx_c-c++_application_(system_debugger)\system_debugger_using_debug_ps.elf_on_local.tcl'
19:15:08 INFO  : Disconnected from the channel tcfchan#13.
19:15:09 INFO  : 'targets -set -filter {jtag_cable_name =~ "Digilent JTAG-HS1 210512180081" && level==0} -index 1' command is executed.
19:15:09 INFO  : 'fpga -state' command is executed.
19:15:09 INFO  : Connected to target on host '127.0.0.1' and port '3121'.
19:15:10 INFO  : Jtag cable 'Digilent JTAG-HS1 210512180081' is selected.
19:15:10 INFO  : 'jtag frequency' command is executed.
19:15:10 INFO  : Sourcing of 'E:/WorkSpace/project/FPGA/prj_sc030_V2.0_emmc/prj_sc030/prj_sc030.sdk/top_hw_platform_0/ps7_init.tcl' is done.
19:15:10 INFO  : Context for 'APU' is selected.
19:15:10 INFO  : Hardware design information is loaded from 'E:/WorkSpace/project/FPGA/prj_sc030_V2.0_emmc/prj_sc030/prj_sc030.sdk/top_hw_platform_0/system.hdf'.
19:15:10 INFO  : 'configparams force-mem-access 1' command is executed.
19:15:10 INFO  : Context for 'APU' is selected.
19:15:10 INFO  : 'stop' command is executed.
19:15:10 INFO  : 'ps7_init' command is executed.
19:15:10 INFO  : 'ps7_post_config' command is executed.
19:15:10 INFO  : Context for processor 'ps7_cortexa9_0' is selected.
19:15:10 INFO  : Processor reset is completed for 'ps7_cortexa9_0'.
19:15:10 INFO  : Context for processor 'ps7_cortexa9_0' is selected.
19:15:10 INFO  : The application 'E:/WorkSpace/project/FPGA/prj_sc030_V2.0_emmc/prj_sc030/prj_sc030.sdk/ps/Debug/ps.elf' is downloaded to processor 'ps7_cortexa9_0'.
19:15:10 INFO  : 'configparams force-mem-access 0' command is executed.
19:15:10 INFO  : ----------------XSDB Script----------------
connect -url tcp:127.0.0.1:3121
source E:/WorkSpace/project/FPGA/prj_sc030_V2.0_emmc/prj_sc030/prj_sc030.sdk/top_hw_platform_0/ps7_init.tcl
targets -set -nocase -filter {name =~"APU*" && jtag_cable_name =~ "Digilent JTAG-HS1 210512180081"} -index 0
loadhw -hw E:/WorkSpace/project/FPGA/prj_sc030_V2.0_emmc/prj_sc030/prj_sc030.sdk/top_hw_platform_0/system.hdf -mem-ranges [list {0x40000000 0xbfffffff}]
configparams force-mem-access 1
targets -set -nocase -filter {name =~"APU*" && jtag_cable_name =~ "Digilent JTAG-HS1 210512180081"} -index 0
stop
ps7_init
ps7_post_config
targets -set -nocase -filter {name =~ "ARM*#0" && jtag_cable_name =~ "Digilent JTAG-HS1 210512180081"} -index 0
rst -processor
targets -set -nocase -filter {name =~ "ARM*#0" && jtag_cable_name =~ "Digilent JTAG-HS1 210512180081"} -index 0
dow E:/WorkSpace/project/FPGA/prj_sc030_V2.0_emmc/prj_sc030/prj_sc030.sdk/ps/Debug/ps.elf
configparams force-mem-access 0
----------------End of Script----------------

19:15:10 INFO  : Memory regions updated for context APU
19:15:11 INFO  : Context for processor 'ps7_cortexa9_0' is selected.
19:15:11 INFO  : 'con' command is executed.
19:15:11 INFO  : ----------------XSDB Script (After Launch)----------------
targets -set -nocase -filter {name =~ "ARM*#0" && jtag_cable_name =~ "Digilent JTAG-HS1 210512180081"} -index 0
con
----------------End of Script----------------

19:15:11 INFO  : Launch script is exported to file 'E:\WorkSpace\project\FPGA\prj_sc030_V2.0_emmc\prj_sc030\prj_sc030.sdk\.sdk\launch_scripts\xilinx_c-c++_application_(system_debugger)\system_debugger_using_debug_ps.elf_on_local.tcl'
19:21:32 INFO  : Disconnected from the channel tcfchan#14.
19:21:33 INFO  : 'targets -set -filter {jtag_cable_name =~ "Digilent JTAG-HS1 210512180081" && level==0} -index 1' command is executed.
19:21:33 INFO  : 'fpga -state' command is executed.
19:21:33 INFO  : Connected to target on host '127.0.0.1' and port '3121'.
19:21:33 INFO  : Jtag cable 'Digilent JTAG-HS1 210512180081' is selected.
19:21:33 INFO  : 'jtag frequency' command is executed.
19:21:33 INFO  : Sourcing of 'E:/WorkSpace/project/FPGA/prj_sc030_V2.0_emmc/prj_sc030/prj_sc030.sdk/top_hw_platform_0/ps7_init.tcl' is done.
19:21:33 INFO  : Context for 'APU' is selected.
19:21:33 INFO  : Hardware design information is loaded from 'E:/WorkSpace/project/FPGA/prj_sc030_V2.0_emmc/prj_sc030/prj_sc030.sdk/top_hw_platform_0/system.hdf'.
19:21:33 INFO  : 'configparams force-mem-access 1' command is executed.
19:21:33 INFO  : Context for 'APU' is selected.
19:21:33 INFO  : 'stop' command is executed.
19:21:33 INFO  : 'ps7_init' command is executed.
19:21:33 INFO  : 'ps7_post_config' command is executed.
19:21:33 INFO  : Context for processor 'ps7_cortexa9_0' is selected.
19:21:33 INFO  : Processor reset is completed for 'ps7_cortexa9_0'.
19:21:33 INFO  : Context for processor 'ps7_cortexa9_0' is selected.
19:21:34 INFO  : The application 'E:/WorkSpace/project/FPGA/prj_sc030_V2.0_emmc/prj_sc030/prj_sc030.sdk/ps/Debug/ps.elf' is downloaded to processor 'ps7_cortexa9_0'.
19:21:34 INFO  : 'configparams force-mem-access 0' command is executed.
19:21:34 INFO  : ----------------XSDB Script----------------
connect -url tcp:127.0.0.1:3121
source E:/WorkSpace/project/FPGA/prj_sc030_V2.0_emmc/prj_sc030/prj_sc030.sdk/top_hw_platform_0/ps7_init.tcl
targets -set -nocase -filter {name =~"APU*" && jtag_cable_name =~ "Digilent JTAG-HS1 210512180081"} -index 0
loadhw -hw E:/WorkSpace/project/FPGA/prj_sc030_V2.0_emmc/prj_sc030/prj_sc030.sdk/top_hw_platform_0/system.hdf -mem-ranges [list {0x40000000 0xbfffffff}]
configparams force-mem-access 1
targets -set -nocase -filter {name =~"APU*" && jtag_cable_name =~ "Digilent JTAG-HS1 210512180081"} -index 0
stop
ps7_init
ps7_post_config
targets -set -nocase -filter {name =~ "ARM*#0" && jtag_cable_name =~ "Digilent JTAG-HS1 210512180081"} -index 0
rst -processor
targets -set -nocase -filter {name =~ "ARM*#0" && jtag_cable_name =~ "Digilent JTAG-HS1 210512180081"} -index 0
dow E:/WorkSpace/project/FPGA/prj_sc030_V2.0_emmc/prj_sc030/prj_sc030.sdk/ps/Debug/ps.elf
configparams force-mem-access 0
----------------End of Script----------------

19:21:34 INFO  : Memory regions updated for context APU
19:21:34 INFO  : Context for processor 'ps7_cortexa9_0' is selected.
19:21:34 INFO  : 'con' command is executed.
19:21:34 INFO  : ----------------XSDB Script (After Launch)----------------
targets -set -nocase -filter {name =~ "ARM*#0" && jtag_cable_name =~ "Digilent JTAG-HS1 210512180081"} -index 0
con
----------------End of Script----------------

19:21:34 INFO  : Launch script is exported to file 'E:\WorkSpace\project\FPGA\prj_sc030_V2.0_emmc\prj_sc030\prj_sc030.sdk\.sdk\launch_scripts\xilinx_c-c++_application_(system_debugger)\system_debugger_using_debug_ps.elf_on_local.tcl'
09:55:51 INFO  : Registering command handlers for SDK TCF services
09:55:52 INFO  : Launching XSCT server: xsct.bat -interactive E:\WorkSpace\project\FPGA\prj_sc2238_v2.0_emmc\prj_sc2238\prj_sc2238.sdk\temp_xsdb_launch_script.tcl
09:55:58 INFO  : XSCT server has started successfully.
09:55:59 INFO  : Successfully done setting XSCT server connection channel  
09:55:59 INFO  : Successfully done setting SDK workspace  
09:55:59 INFO  : Processing command line option -hwspec E:/WorkSpace/project/FPGA/prj_sc2238_v2.0_emmc/prj_sc2238/prj_sc2238.sdk/top.hdf.
09:55:59 INFO  : Checking for hwspec changes in the project top_hw_platform_5.
10:02:26 INFO  : Registering command handlers for SDK TCF services
10:02:26 INFO  : Launching XSCT server: xsct.bat -interactive E:\WorkSpace\project\FPGA\prj_sc2238_v2.0_emmc\prj_sc2238\prj_sc2238.sdk\temp_xsdb_launch_script.tcl
10:02:28 INFO  : XSCT server has started successfully.
10:02:28 INFO  : Successfully done setting XSCT server connection channel  
10:02:29 INFO  : Successfully done setting SDK workspace  
10:02:29 INFO  : Processing command line option -hwspec E:/WorkSpace/project/FPGA/prj_sc2238_v2.0_emmc/prj_sc2238/prj_sc2238.sdk/top.hdf.
10:02:29 INFO  : Checking for hwspec changes in the project top_hw_platform_5.
11:05:02 INFO  : Launching XSCT server: xsct.bat -interactive E:\WorkSpace\project\FPGA\prj_sc2238\prj_sc2238.sdk\temp_xsdb_launch_script.tcl
11:05:05 INFO  : XSCT server has started successfully.
11:05:05 INFO  : Successfully done setting XSCT server connection channel  
11:05:14 INFO  : Successfully done setting SDK workspace  
11:05:17 INFO  : Registering command handlers for SDK TCF services
11:05:18 INFO  : Processing command line option -hwspec E:/WorkSpace/project/FPGA/prj_sc2238/prj_sc2238.sdk/top.hdf.
11:07:41 INFO  : Registering command handlers for SDK TCF services
11:07:41 INFO  : Launching XSCT server: xsct.bat -interactive E:\WorkSpace\project\FPGA\prj_sc2238\prj_sc2238.sdk\temp_xsdb_launch_script.tcl
11:07:43 INFO  : XSCT server has started successfully.
11:07:43 INFO  : Successfully done setting XSCT server connection channel  
11:07:44 INFO  : Successfully done setting SDK workspace  
11:07:44 INFO  : Processing command line option -hwspec E:/WorkSpace/project/FPGA/prj_sc2238/prj_sc2238.sdk/top.hdf.
11:07:44 INFO  : Checking for hwspec changes in the project top_hw_platform_6.
11:11:02 INFO  : 'targets -set -filter {jtag_cable_name =~ "Digilent JTAG-HS1 210512180081" && level==0} -index 1' command is executed.
11:11:02 INFO  : 'fpga -state' command is executed.
11:11:02 INFO  : Connected to target on host '127.0.0.1' and port '3121'.
11:11:03 INFO  : Jtag cable 'Digilent JTAG-HS1 210512180081' is selected.
11:11:03 INFO  : 'jtag frequency' command is executed.
11:11:03 INFO  : Sourcing of 'E:/WorkSpace/project/FPGA/prj_sc2238/prj_sc2238.sdk/top_hw_platform_0/ps7_init.tcl' is done.
11:11:03 INFO  : Context for 'APU' is selected.
11:11:03 INFO  : Hardware design information is loaded from 'E:/WorkSpace/project/FPGA/prj_sc2238/prj_sc2238.sdk/top_hw_platform_0/system.hdf'.
11:11:03 INFO  : 'configparams force-mem-access 1' command is executed.
11:11:03 INFO  : Context for 'APU' is selected.
11:11:03 INFO  : 'stop' command is executed.
11:11:03 INFO  : 'ps7_init' command is executed.
11:11:03 INFO  : 'ps7_post_config' command is executed.
11:11:03 INFO  : Context for processor 'ps7_cortexa9_0' is selected.
11:11:03 INFO  : Processor reset is completed for 'ps7_cortexa9_0'.
11:11:03 INFO  : Context for processor 'ps7_cortexa9_0' is selected.
11:11:04 INFO  : The application 'E:/WorkSpace/project/FPGA/prj_sc2238/prj_sc2238.sdk/ps/Debug/ps.elf' is downloaded to processor 'ps7_cortexa9_0'.
11:11:04 INFO  : 'configparams force-mem-access 0' command is executed.
11:11:04 INFO  : ----------------XSDB Script----------------
connect -url tcp:127.0.0.1:3121
source E:/WorkSpace/project/FPGA/prj_sc2238/prj_sc2238.sdk/top_hw_platform_0/ps7_init.tcl
targets -set -nocase -filter {name =~"APU*" && jtag_cable_name =~ "Digilent JTAG-HS1 210512180081"} -index 0
loadhw -hw E:/WorkSpace/project/FPGA/prj_sc2238/prj_sc2238.sdk/top_hw_platform_0/system.hdf -mem-ranges [list {0x40000000 0xbfffffff}]
configparams force-mem-access 1
targets -set -nocase -filter {name =~"APU*" && jtag_cable_name =~ "Digilent JTAG-HS1 210512180081"} -index 0
stop
ps7_init
ps7_post_config
targets -set -nocase -filter {name =~ "ARM*#0" && jtag_cable_name =~ "Digilent JTAG-HS1 210512180081"} -index 0
rst -processor
targets -set -nocase -filter {name =~ "ARM*#0" && jtag_cable_name =~ "Digilent JTAG-HS1 210512180081"} -index 0
dow E:/WorkSpace/project/FPGA/prj_sc2238/prj_sc2238.sdk/ps/Debug/ps.elf
configparams force-mem-access 0
----------------End of Script----------------

11:11:04 INFO  : Memory regions updated for context APU
11:11:04 INFO  : Context for processor 'ps7_cortexa9_0' is selected.
11:11:04 INFO  : 'con' command is executed.
11:11:04 INFO  : ----------------XSDB Script (After Launch)----------------
targets -set -nocase -filter {name =~ "ARM*#0" && jtag_cable_name =~ "Digilent JTAG-HS1 210512180081"} -index 0
con
----------------End of Script----------------

11:11:04 INFO  : Launch script is exported to file 'E:\WorkSpace\project\FPGA\prj_sc2238\prj_sc2238.sdk\.sdk\launch_scripts\xilinx_c-c++_application_(system_debugger)\system_debugger_using_debug_ps.elf_on_local.tcl'
11:12:49 INFO  : Disconnected from the channel tcfchan#1.
11:12:50 INFO  : 'targets -set -filter {jtag_cable_name =~ "Digilent JTAG-HS1 210512180081" && level==0} -index 1' command is executed.
11:12:50 INFO  : 'fpga -state' command is executed.
11:12:50 INFO  : Connected to target on host '127.0.0.1' and port '3121'.
11:12:51 INFO  : Jtag cable 'Digilent JTAG-HS1 210512180081' is selected.
11:12:51 INFO  : 'jtag frequency' command is executed.
11:12:51 INFO  : Sourcing of 'E:/WorkSpace/project/FPGA/prj_sc2238/prj_sc2238.sdk/top_hw_platform_0/ps7_init.tcl' is done.
11:12:51 INFO  : Context for 'APU' is selected.
11:12:52 INFO  : Hardware design information is loaded from 'E:/WorkSpace/project/FPGA/prj_sc2238/prj_sc2238.sdk/top_hw_platform_0/system.hdf'.
11:12:52 INFO  : 'configparams force-mem-access 1' command is executed.
11:12:52 INFO  : Context for 'APU' is selected.
11:12:52 INFO  : 'stop' command is executed.
11:12:53 INFO  : 'ps7_init' command is executed.
11:12:53 INFO  : 'ps7_post_config' command is executed.
11:12:53 INFO  : Context for processor 'ps7_cortexa9_0' is selected.
11:12:53 INFO  : Processor reset is completed for 'ps7_cortexa9_0'.
11:12:53 INFO  : Context for processor 'ps7_cortexa9_0' is selected.
11:12:53 INFO  : The application 'E:/WorkSpace/project/FPGA/prj_sc2238/prj_sc2238.sdk/ps/Debug/ps.elf' is downloaded to processor 'ps7_cortexa9_0'.
11:12:53 INFO  : 'configparams force-mem-access 0' command is executed.
11:12:53 INFO  : ----------------XSDB Script----------------
connect -url tcp:127.0.0.1:3121
source E:/WorkSpace/project/FPGA/prj_sc2238/prj_sc2238.sdk/top_hw_platform_0/ps7_init.tcl
targets -set -nocase -filter {name =~"APU*" && jtag_cable_name =~ "Digilent JTAG-HS1 210512180081"} -index 0
loadhw -hw E:/WorkSpace/project/FPGA/prj_sc2238/prj_sc2238.sdk/top_hw_platform_0/system.hdf -mem-ranges [list {0x40000000 0xbfffffff}]
configparams force-mem-access 1
targets -set -nocase -filter {name =~"APU*" && jtag_cable_name =~ "Digilent JTAG-HS1 210512180081"} -index 0
stop
ps7_init
ps7_post_config
targets -set -nocase -filter {name =~ "ARM*#0" && jtag_cable_name =~ "Digilent JTAG-HS1 210512180081"} -index 0
rst -processor
targets -set -nocase -filter {name =~ "ARM*#0" && jtag_cable_name =~ "Digilent JTAG-HS1 210512180081"} -index 0
dow E:/WorkSpace/project/FPGA/prj_sc2238/prj_sc2238.sdk/ps/Debug/ps.elf
configparams force-mem-access 0
----------------End of Script----------------

11:12:53 INFO  : Memory regions updated for context APU
11:12:53 INFO  : Context for processor 'ps7_cortexa9_0' is selected.
11:12:53 INFO  : 'con' command is executed.
11:12:53 INFO  : ----------------XSDB Script (After Launch)----------------
targets -set -nocase -filter {name =~ "ARM*#0" && jtag_cable_name =~ "Digilent JTAG-HS1 210512180081"} -index 0
con
----------------End of Script----------------

11:12:53 INFO  : Launch script is exported to file 'E:\WorkSpace\project\FPGA\prj_sc2238\prj_sc2238.sdk\.sdk\launch_scripts\xilinx_c-c++_application_(system_debugger)\system_debugger_using_debug_ps.elf_on_local.tcl'
11:14:12 INFO  : Dumping Memory Contents ...
11:14:22 INFO  : Dumped Memory Contents Successfully to E:\WorkSpace\images\top.bin
11:14:22 ERROR : Failed to Connect to HW Server, Reason: Command [C 978 RunControl getChildren "JTAG-jsn-JTAG-HS1-210512180081-4ba00477-0...] aborted
11:14:22 ERROR : Failed to Connect to HW Server, Reason: Command [C 980 RunControl getChildren "JTAG-jsn-JTAG-HS1-210512180081-4ba00477-0...] aborted
11:15:25 INFO  : Dumping Memory Contents ...
11:15:35 INFO  : Dumped Memory Contents Successfully to E:\WorkSpace\images\top.bin
11:15:35 ERROR : Failed to Connect to HW Server, Reason: Command [C 1004 RunControl getChildren "JTAG-jsn-JTAG-HS1-210512180081-4ba00477-...] aborted
11:15:35 ERROR : Failed to Connect to HW Server, Reason: Command [C 1006 RunControl getChildren "JTAG-jsn-JTAG-HS1-210512180081-4ba00477-...] aborted
11:16:59 INFO  : Dumping Memory Contents ...
11:17:08 INFO  : Dumped Memory Contents Successfully to E:\WorkSpace\images\top.bin
11:17:08 ERROR : Failed to Connect to HW Server, Reason: Command [C 1024 RunControl getChildren "JTAG-jsn-JTAG-HS1-210512180081-4ba00477-...] aborted
11:17:08 ERROR : Failed to Connect to HW Server, Reason: Command [C 1026 RunControl getChildren "JTAG-jsn-JTAG-HS1-210512180081-4ba00477-...] aborted
11:36:31 INFO  : Disconnected from the channel tcfchan#2.
11:36:32 INFO  : 'targets -set -filter {jtag_cable_name =~ "Digilent JTAG-HS1 210512180081" && level==0} -index 1' command is executed.
11:36:32 INFO  : 'fpga -state' command is executed.
11:36:32 INFO  : Connected to target on host '127.0.0.1' and port '3121'.
11:36:32 INFO  : Jtag cable 'Digilent JTAG-HS1 210512180081' is selected.
11:36:32 INFO  : 'jtag frequency' command is executed.
11:36:32 INFO  : Sourcing of 'E:/WorkSpace/project/FPGA/prj_sc2238/prj_sc2238.sdk/top_hw_platform_0/ps7_init.tcl' is done.
11:36:32 INFO  : Context for 'APU' is selected.
11:36:32 INFO  : Hardware design information is loaded from 'E:/WorkSpace/project/FPGA/prj_sc2238/prj_sc2238.sdk/top_hw_platform_0/system.hdf'.
11:36:32 INFO  : 'configparams force-mem-access 1' command is executed.
11:36:32 INFO  : Context for 'APU' is selected.
11:36:32 INFO  : 'stop' command is executed.
11:36:32 INFO  : 'ps7_init' command is executed.
11:36:32 INFO  : 'ps7_post_config' command is executed.
11:36:32 INFO  : Context for processor 'ps7_cortexa9_0' is selected.
11:36:32 INFO  : Processor reset is completed for 'ps7_cortexa9_0'.
11:36:32 INFO  : Context for processor 'ps7_cortexa9_0' is selected.
11:36:33 INFO  : The application 'E:/WorkSpace/project/FPGA/prj_sc2238/prj_sc2238.sdk/ps/Debug/ps.elf' is downloaded to processor 'ps7_cortexa9_0'.
11:36:33 INFO  : 'configparams force-mem-access 0' command is executed.
11:36:33 INFO  : ----------------XSDB Script----------------
connect -url tcp:127.0.0.1:3121
source E:/WorkSpace/project/FPGA/prj_sc2238/prj_sc2238.sdk/top_hw_platform_0/ps7_init.tcl
targets -set -nocase -filter {name =~"APU*" && jtag_cable_name =~ "Digilent JTAG-HS1 210512180081"} -index 0
loadhw -hw E:/WorkSpace/project/FPGA/prj_sc2238/prj_sc2238.sdk/top_hw_platform_0/system.hdf -mem-ranges [list {0x40000000 0xbfffffff}]
configparams force-mem-access 1
targets -set -nocase -filter {name =~"APU*" && jtag_cable_name =~ "Digilent JTAG-HS1 210512180081"} -index 0
stop
ps7_init
ps7_post_config
targets -set -nocase -filter {name =~ "ARM*#0" && jtag_cable_name =~ "Digilent JTAG-HS1 210512180081"} -index 0
rst -processor
targets -set -nocase -filter {name =~ "ARM*#0" && jtag_cable_name =~ "Digilent JTAG-HS1 210512180081"} -index 0
dow E:/WorkSpace/project/FPGA/prj_sc2238/prj_sc2238.sdk/ps/Debug/ps.elf
configparams force-mem-access 0
----------------End of Script----------------

11:36:33 INFO  : Memory regions updated for context APU
11:36:33 INFO  : Context for processor 'ps7_cortexa9_0' is selected.
11:36:33 INFO  : 'con' command is executed.
11:36:33 INFO  : ----------------XSDB Script (After Launch)----------------
targets -set -nocase -filter {name =~ "ARM*#0" && jtag_cable_name =~ "Digilent JTAG-HS1 210512180081"} -index 0
con
----------------End of Script----------------

11:36:33 INFO  : Launch script is exported to file 'E:\WorkSpace\project\FPGA\prj_sc2238\prj_sc2238.sdk\.sdk\launch_scripts\xilinx_c-c++_application_(system_debugger)\system_debugger_using_debug_ps.elf_on_local.tcl'
11:40:26 INFO  : Disconnected from the channel tcfchan#7.
11:40:27 INFO  : 'targets -set -filter {jtag_cable_name =~ "Digilent JTAG-HS1 210512180081" && level==0} -index 1' command is executed.
11:40:27 INFO  : 'fpga -state' command is executed.
11:40:27 INFO  : Connected to target on host '127.0.0.1' and port '3121'.
11:40:27 INFO  : Jtag cable 'Digilent JTAG-HS1 210512180081' is selected.
11:40:27 INFO  : 'jtag frequency' command is executed.
11:40:27 INFO  : Sourcing of 'E:/WorkSpace/project/FPGA/prj_sc2238/prj_sc2238.sdk/top_hw_platform_0/ps7_init.tcl' is done.
11:40:27 INFO  : Context for 'APU' is selected.
11:40:27 INFO  : Hardware design information is loaded from 'E:/WorkSpace/project/FPGA/prj_sc2238/prj_sc2238.sdk/top_hw_platform_0/system.hdf'.
11:40:27 INFO  : 'configparams force-mem-access 1' command is executed.
11:40:27 INFO  : Context for 'APU' is selected.
11:40:27 INFO  : 'stop' command is executed.
11:40:27 INFO  : 'ps7_init' command is executed.
11:40:27 INFO  : 'ps7_post_config' command is executed.
11:40:27 INFO  : Context for processor 'ps7_cortexa9_0' is selected.
11:40:28 INFO  : Processor reset is completed for 'ps7_cortexa9_0'.
11:40:28 INFO  : Context for processor 'ps7_cortexa9_0' is selected.
11:40:28 INFO  : The application 'E:/WorkSpace/project/FPGA/prj_sc2238/prj_sc2238.sdk/ps/Debug/ps.elf' is downloaded to processor 'ps7_cortexa9_0'.
11:40:28 INFO  : 'configparams force-mem-access 0' command is executed.
11:40:28 INFO  : ----------------XSDB Script----------------
connect -url tcp:127.0.0.1:3121
source E:/WorkSpace/project/FPGA/prj_sc2238/prj_sc2238.sdk/top_hw_platform_0/ps7_init.tcl
targets -set -nocase -filter {name =~"APU*" && jtag_cable_name =~ "Digilent JTAG-HS1 210512180081"} -index 0
loadhw -hw E:/WorkSpace/project/FPGA/prj_sc2238/prj_sc2238.sdk/top_hw_platform_0/system.hdf -mem-ranges [list {0x40000000 0xbfffffff}]
configparams force-mem-access 1
targets -set -nocase -filter {name =~"APU*" && jtag_cable_name =~ "Digilent JTAG-HS1 210512180081"} -index 0
stop
ps7_init
ps7_post_config
targets -set -nocase -filter {name =~ "ARM*#0" && jtag_cable_name =~ "Digilent JTAG-HS1 210512180081"} -index 0
rst -processor
targets -set -nocase -filter {name =~ "ARM*#0" && jtag_cable_name =~ "Digilent JTAG-HS1 210512180081"} -index 0
dow E:/WorkSpace/project/FPGA/prj_sc2238/prj_sc2238.sdk/ps/Debug/ps.elf
configparams force-mem-access 0
----------------End of Script----------------

11:40:28 INFO  : Memory regions updated for context APU
11:40:28 INFO  : Context for processor 'ps7_cortexa9_0' is selected.
11:40:28 INFO  : 'con' command is executed.
11:40:28 INFO  : ----------------XSDB Script (After Launch)----------------
targets -set -nocase -filter {name =~ "ARM*#0" && jtag_cable_name =~ "Digilent JTAG-HS1 210512180081"} -index 0
con
----------------End of Script----------------

11:40:28 INFO  : Launch script is exported to file 'E:\WorkSpace\project\FPGA\prj_sc2238\prj_sc2238.sdk\.sdk\launch_scripts\xilinx_c-c++_application_(system_debugger)\system_debugger_using_debug_ps.elf_on_local.tcl'
11:41:48 INFO  : Dumping Memory Contents ...
11:41:58 INFO  : Dumped Memory Contents Successfully to E:\WorkSpace\images\top.bin
11:41:58 ERROR : Failed to Connect to HW Server, Reason: Command [C 2248 RunControl getChildren "JTAG-jsn-JTAG-HS1-210512180081-4ba00477-...] aborted
11:41:58 ERROR : Failed to Connect to HW Server, Reason: Command [C 2250 RunControl getChildren "JTAG-jsn-JTAG-HS1-210512180081-4ba00477-...] aborted
11:42:42 INFO  : Dumping Memory Contents ...
11:42:51 INFO  : Dumped Memory Contents Successfully to E:\WorkSpace\images\top.bin
11:42:51 ERROR : Failed to Connect to HW Server, Reason: Command [C 2268 RunControl getChildren "JTAG-jsn-JTAG-HS1-210512180081-4ba00477-...] aborted
11:42:51 ERROR : Failed to Connect to HW Server, Reason: Command [C 2270 RunControl getChildren "JTAG-jsn-JTAG-HS1-210512180081-4ba00477-...] aborted
11:43:58 INFO  : Dumping Memory Contents ...
11:44:08 INFO  : Dumped Memory Contents Successfully to E:\WorkSpace\images\top.bin
11:44:08 ERROR : Failed to Connect to HW Server, Reason: Command [C 2288 RunControl getChildren "JTAG-jsn-JTAG-HS1-210512180081-4ba00477-...] aborted
11:44:08 ERROR : Failed to Connect to HW Server, Reason: Command [C 2290 RunControl getChildren "JTAG-jsn-JTAG-HS1-210512180081-4ba00477-...] aborted
13:56:05 INFO  : Connected to target on host '127.0.0.1' and port '3121'.
14:08:54 INFO  : Disconnected from the channel tcfchan#8.
14:08:55 INFO  : 'targets -set -filter {jtag_cable_name =~ "Digilent JTAG-HS1 210512180081" && level==0} -index 1' command is executed.
14:08:55 INFO  : 'fpga -state' command is executed.
14:08:55 INFO  : Connected to target on host '127.0.0.1' and port '3121'.
14:08:55 INFO  : Jtag cable 'Digilent JTAG-HS1 210512180081' is selected.
14:08:55 INFO  : 'jtag frequency' command is executed.
14:08:55 INFO  : Sourcing of 'E:/WorkSpace/project/FPGA/prj_sc2238/prj_sc2238.sdk/top_hw_platform_0/ps7_init.tcl' is done.
14:08:55 INFO  : Context for 'APU' is selected.
14:08:55 INFO  : Hardware design information is loaded from 'E:/WorkSpace/project/FPGA/prj_sc2238/prj_sc2238.sdk/top_hw_platform_0/system.hdf'.
14:08:55 INFO  : 'configparams force-mem-access 1' command is executed.
14:08:55 INFO  : Context for 'APU' is selected.
14:08:55 INFO  : 'stop' command is executed.
14:08:56 INFO  : 'ps7_init' command is executed.
14:08:56 INFO  : 'ps7_post_config' command is executed.
14:08:56 INFO  : Context for processor 'ps7_cortexa9_0' is selected.
14:08:56 INFO  : Processor reset is completed for 'ps7_cortexa9_0'.
14:08:56 INFO  : Context for processor 'ps7_cortexa9_0' is selected.
14:08:56 INFO  : The application 'E:/WorkSpace/project/FPGA/prj_sc2238/prj_sc2238.sdk/ps/Debug/ps.elf' is downloaded to processor 'ps7_cortexa9_0'.
14:08:56 INFO  : 'configparams force-mem-access 0' command is executed.
14:08:56 INFO  : ----------------XSDB Script----------------
connect -url tcp:127.0.0.1:3121
source E:/WorkSpace/project/FPGA/prj_sc2238/prj_sc2238.sdk/top_hw_platform_0/ps7_init.tcl
targets -set -nocase -filter {name =~"APU*" && jtag_cable_name =~ "Digilent JTAG-HS1 210512180081"} -index 0
loadhw -hw E:/WorkSpace/project/FPGA/prj_sc2238/prj_sc2238.sdk/top_hw_platform_0/system.hdf -mem-ranges [list {0x40000000 0xbfffffff}]
configparams force-mem-access 1
targets -set -nocase -filter {name =~"APU*" && jtag_cable_name =~ "Digilent JTAG-HS1 210512180081"} -index 0
stop
ps7_init
ps7_post_config
targets -set -nocase -filter {name =~ "ARM*#0" && jtag_cable_name =~ "Digilent JTAG-HS1 210512180081"} -index 0
rst -processor
targets -set -nocase -filter {name =~ "ARM*#0" && jtag_cable_name =~ "Digilent JTAG-HS1 210512180081"} -index 0
dow E:/WorkSpace/project/FPGA/prj_sc2238/prj_sc2238.sdk/ps/Debug/ps.elf
configparams force-mem-access 0
----------------End of Script----------------

14:08:56 INFO  : Memory regions updated for context APU
14:08:56 INFO  : Context for processor 'ps7_cortexa9_0' is selected.
14:08:56 INFO  : 'con' command is executed.
14:08:56 INFO  : ----------------XSDB Script (After Launch)----------------
targets -set -nocase -filter {name =~ "ARM*#0" && jtag_cable_name =~ "Digilent JTAG-HS1 210512180081"} -index 0
con
----------------End of Script----------------

14:08:56 INFO  : Launch script is exported to file 'E:\WorkSpace\project\FPGA\prj_sc2238\prj_sc2238.sdk\.sdk\launch_scripts\xilinx_c-c++_application_(system_debugger)\system_debugger_using_debug_ps.elf_on_local.tcl'
14:09:50 INFO  : Dumping Memory Contents ...
14:09:59 INFO  : Dumped Memory Contents Successfully to E:\WorkSpace\images\top.bin
14:09:59 ERROR : Failed to Connect to HW Server, Reason: Command [C 3060 RunControl getChildren "JTAG-jsn-JTAG-HS1-210512180081-4ba00477-...] aborted
14:09:59 ERROR : Failed to Connect to HW Server, Reason: Command [C 3062 RunControl getChildren "JTAG-jsn-JTAG-HS1-210512180081-4ba00477-...] aborted
14:10:59 INFO  : Dumping Memory Contents ...
14:11:08 INFO  : Dumped Memory Contents Successfully to E:\WorkSpace\images\top.bin
14:11:08 ERROR : Failed to Connect to HW Server, Reason: Command [C 3080 RunControl getChildren "JTAG-jsn-JTAG-HS1-210512180081-4ba00477-...] aborted
14:11:08 ERROR : Failed to Connect to HW Server, Reason: Command [C 3082 RunControl getChildren "JTAG-jsn-JTAG-HS1-210512180081-4ba00477-...] aborted
14:12:22 INFO  : Dumping Memory Contents ...
14:12:31 INFO  : Dumped Memory Contents Successfully to E:\WorkSpace\images\top.bin
14:12:31 ERROR : Failed to Connect to HW Server, Reason: Command [C 3100 RunControl getChildren "JTAG-jsn-JTAG-HS1-210512180081-4ba00477-...] aborted
14:12:31 ERROR : Failed to Connect to HW Server, Reason: Command [C 3102 RunControl getChildren "JTAG-jsn-JTAG-HS1-210512180081-4ba00477-...] aborted
14:40:39 INFO  : Disconnected from the channel tcfchan#12.
14:40:40 INFO  : 'targets -set -filter {jtag_cable_name =~ "Digilent JTAG-HS1 210512180081" && level==0} -index 1' command is executed.
14:40:40 INFO  : 'fpga -state' command is executed.
14:40:40 INFO  : Connected to target on host '127.0.0.1' and port '3121'.
14:40:40 INFO  : Jtag cable 'Digilent JTAG-HS1 210512180081' is selected.
14:40:40 INFO  : 'jtag frequency' command is executed.
14:40:40 INFO  : Sourcing of 'E:/WorkSpace/project/FPGA/prj_sc2238/prj_sc2238.sdk/top_hw_platform_0/ps7_init.tcl' is done.
14:40:40 INFO  : Context for 'APU' is selected.
14:40:40 INFO  : Hardware design information is loaded from 'E:/WorkSpace/project/FPGA/prj_sc2238/prj_sc2238.sdk/top_hw_platform_0/system.hdf'.
14:40:40 INFO  : 'configparams force-mem-access 1' command is executed.
14:40:40 INFO  : Context for 'APU' is selected.
14:40:40 INFO  : 'stop' command is executed.
14:40:40 INFO  : 'ps7_init' command is executed.
14:40:40 INFO  : 'ps7_post_config' command is executed.
14:40:40 INFO  : Context for processor 'ps7_cortexa9_0' is selected.
14:40:40 INFO  : Processor reset is completed for 'ps7_cortexa9_0'.
14:40:40 INFO  : Context for processor 'ps7_cortexa9_0' is selected.
14:40:41 INFO  : The application 'E:/WorkSpace/project/FPGA/prj_sc2238/prj_sc2238.sdk/ps/Debug/ps.elf' is downloaded to processor 'ps7_cortexa9_0'.
14:40:41 INFO  : 'configparams force-mem-access 0' command is executed.
14:40:41 INFO  : ----------------XSDB Script----------------
connect -url tcp:127.0.0.1:3121
source E:/WorkSpace/project/FPGA/prj_sc2238/prj_sc2238.sdk/top_hw_platform_0/ps7_init.tcl
targets -set -nocase -filter {name =~"APU*" && jtag_cable_name =~ "Digilent JTAG-HS1 210512180081"} -index 0
loadhw -hw E:/WorkSpace/project/FPGA/prj_sc2238/prj_sc2238.sdk/top_hw_platform_0/system.hdf -mem-ranges [list {0x40000000 0xbfffffff}]
configparams force-mem-access 1
targets -set -nocase -filter {name =~"APU*" && jtag_cable_name =~ "Digilent JTAG-HS1 210512180081"} -index 0
stop
ps7_init
ps7_post_config
targets -set -nocase -filter {name =~ "ARM*#0" && jtag_cable_name =~ "Digilent JTAG-HS1 210512180081"} -index 0
rst -processor
targets -set -nocase -filter {name =~ "ARM*#0" && jtag_cable_name =~ "Digilent JTAG-HS1 210512180081"} -index 0
dow E:/WorkSpace/project/FPGA/prj_sc2238/prj_sc2238.sdk/ps/Debug/ps.elf
configparams force-mem-access 0
----------------End of Script----------------

14:40:41 INFO  : Memory regions updated for context APU
14:40:41 INFO  : Context for processor 'ps7_cortexa9_0' is selected.
14:40:41 INFO  : 'con' command is executed.
14:40:41 INFO  : ----------------XSDB Script (After Launch)----------------
targets -set -nocase -filter {name =~ "ARM*#0" && jtag_cable_name =~ "Digilent JTAG-HS1 210512180081"} -index 0
con
----------------End of Script----------------

14:40:41 INFO  : Launch script is exported to file 'E:\WorkSpace\project\FPGA\prj_sc2238\prj_sc2238.sdk\.sdk\launch_scripts\xilinx_c-c++_application_(system_debugger)\system_debugger_using_debug_ps.elf_on_local.tcl'
14:57:46 INFO  : Disconnected from the channel tcfchan#16.
14:57:47 INFO  : 'targets -set -filter {jtag_cable_name =~ "Digilent JTAG-HS1 210512180081" && level==0} -index 1' command is executed.
14:57:47 INFO  : 'fpga -state' command is executed.
14:57:47 INFO  : Connected to target on host '127.0.0.1' and port '3121'.
14:57:47 INFO  : Jtag cable 'Digilent JTAG-HS1 210512180081' is selected.
14:57:47 INFO  : 'jtag frequency' command is executed.
14:57:47 INFO  : Sourcing of 'E:/WorkSpace/project/FPGA/prj_sc2238/prj_sc2238.sdk/top_hw_platform_0/ps7_init.tcl' is done.
14:57:47 INFO  : Context for 'APU' is selected.
14:57:47 INFO  : Hardware design information is loaded from 'E:/WorkSpace/project/FPGA/prj_sc2238/prj_sc2238.sdk/top_hw_platform_0/system.hdf'.
14:57:47 INFO  : 'configparams force-mem-access 1' command is executed.
14:57:47 INFO  : Context for 'APU' is selected.
14:57:47 INFO  : 'stop' command is executed.
14:57:47 INFO  : 'ps7_init' command is executed.
14:57:47 INFO  : 'ps7_post_config' command is executed.
14:57:47 INFO  : Context for processor 'ps7_cortexa9_0' is selected.
14:57:47 INFO  : Processor reset is completed for 'ps7_cortexa9_0'.
14:57:47 INFO  : Context for processor 'ps7_cortexa9_0' is selected.
14:57:48 INFO  : The application 'E:/WorkSpace/project/FPGA/prj_sc2238/prj_sc2238.sdk/ps/Debug/ps.elf' is downloaded to processor 'ps7_cortexa9_0'.
14:57:48 INFO  : 'configparams force-mem-access 0' command is executed.
14:57:48 INFO  : ----------------XSDB Script----------------
connect -url tcp:127.0.0.1:3121
source E:/WorkSpace/project/FPGA/prj_sc2238/prj_sc2238.sdk/top_hw_platform_0/ps7_init.tcl
targets -set -nocase -filter {name =~"APU*" && jtag_cable_name =~ "Digilent JTAG-HS1 210512180081"} -index 0
loadhw -hw E:/WorkSpace/project/FPGA/prj_sc2238/prj_sc2238.sdk/top_hw_platform_0/system.hdf -mem-ranges [list {0x40000000 0xbfffffff}]
configparams force-mem-access 1
targets -set -nocase -filter {name =~"APU*" && jtag_cable_name =~ "Digilent JTAG-HS1 210512180081"} -index 0
stop
ps7_init
ps7_post_config
targets -set -nocase -filter {name =~ "ARM*#0" && jtag_cable_name =~ "Digilent JTAG-HS1 210512180081"} -index 0
rst -processor
targets -set -nocase -filter {name =~ "ARM*#0" && jtag_cable_name =~ "Digilent JTAG-HS1 210512180081"} -index 0
dow E:/WorkSpace/project/FPGA/prj_sc2238/prj_sc2238.sdk/ps/Debug/ps.elf
configparams force-mem-access 0
----------------End of Script----------------

14:57:48 INFO  : Memory regions updated for context APU
14:57:48 INFO  : Context for processor 'ps7_cortexa9_0' is selected.
14:57:48 INFO  : 'con' command is executed.
14:57:48 INFO  : ----------------XSDB Script (After Launch)----------------
targets -set -nocase -filter {name =~ "ARM*#0" && jtag_cable_name =~ "Digilent JTAG-HS1 210512180081"} -index 0
con
----------------End of Script----------------

14:57:48 INFO  : Launch script is exported to file 'E:\WorkSpace\project\FPGA\prj_sc2238\prj_sc2238.sdk\.sdk\launch_scripts\xilinx_c-c++_application_(system_debugger)\system_debugger_using_debug_ps.elf_on_local.tcl'
15:16:42 INFO  : Disconnected from the channel tcfchan#17.
15:16:43 INFO  : 'targets -set -filter {jtag_cable_name =~ "Digilent JTAG-HS1 210512180081" && level==0} -index 1' command is executed.
15:16:43 INFO  : 'fpga -state' command is executed.
15:16:43 INFO  : Connected to target on host '127.0.0.1' and port '3121'.
15:16:43 INFO  : Jtag cable 'Digilent JTAG-HS1 210512180081' is selected.
15:16:43 INFO  : 'jtag frequency' command is executed.
15:16:43 INFO  : Sourcing of 'E:/WorkSpace/project/FPGA/prj_sc2238/prj_sc2238.sdk/top_hw_platform_0/ps7_init.tcl' is done.
15:16:43 INFO  : Context for 'APU' is selected.
15:16:43 INFO  : Hardware design information is loaded from 'E:/WorkSpace/project/FPGA/prj_sc2238/prj_sc2238.sdk/top_hw_platform_0/system.hdf'.
15:16:43 INFO  : 'configparams force-mem-access 1' command is executed.
15:16:43 INFO  : Context for 'APU' is selected.
15:16:43 INFO  : 'stop' command is executed.
15:16:44 INFO  : 'ps7_init' command is executed.
15:16:44 INFO  : 'ps7_post_config' command is executed.
15:16:44 INFO  : Context for processor 'ps7_cortexa9_0' is selected.
15:16:44 INFO  : Processor reset is completed for 'ps7_cortexa9_0'.
15:16:44 INFO  : Context for processor 'ps7_cortexa9_0' is selected.
15:16:44 INFO  : The application 'E:/WorkSpace/project/FPGA/prj_sc2238/prj_sc2238.sdk/ps/Debug/ps.elf' is downloaded to processor 'ps7_cortexa9_0'.
15:16:44 INFO  : 'configparams force-mem-access 0' command is executed.
15:16:44 INFO  : ----------------XSDB Script----------------
connect -url tcp:127.0.0.1:3121
source E:/WorkSpace/project/FPGA/prj_sc2238/prj_sc2238.sdk/top_hw_platform_0/ps7_init.tcl
targets -set -nocase -filter {name =~"APU*" && jtag_cable_name =~ "Digilent JTAG-HS1 210512180081"} -index 0
loadhw -hw E:/WorkSpace/project/FPGA/prj_sc2238/prj_sc2238.sdk/top_hw_platform_0/system.hdf -mem-ranges [list {0x40000000 0xbfffffff}]
configparams force-mem-access 1
targets -set -nocase -filter {name =~"APU*" && jtag_cable_name =~ "Digilent JTAG-HS1 210512180081"} -index 0
stop
ps7_init
ps7_post_config
targets -set -nocase -filter {name =~ "ARM*#0" && jtag_cable_name =~ "Digilent JTAG-HS1 210512180081"} -index 0
rst -processor
targets -set -nocase -filter {name =~ "ARM*#0" && jtag_cable_name =~ "Digilent JTAG-HS1 210512180081"} -index 0
dow E:/WorkSpace/project/FPGA/prj_sc2238/prj_sc2238.sdk/ps/Debug/ps.elf
configparams force-mem-access 0
----------------End of Script----------------

15:16:44 INFO  : Memory regions updated for context APU
15:16:44 INFO  : Context for processor 'ps7_cortexa9_0' is selected.
15:16:44 INFO  : 'con' command is executed.
15:16:44 INFO  : ----------------XSDB Script (After Launch)----------------
targets -set -nocase -filter {name =~ "ARM*#0" && jtag_cable_name =~ "Digilent JTAG-HS1 210512180081"} -index 0
con
----------------End of Script----------------

15:16:44 INFO  : Launch script is exported to file 'E:\WorkSpace\project\FPGA\prj_sc2238\prj_sc2238.sdk\.sdk\launch_scripts\xilinx_c-c++_application_(system_debugger)\system_debugger_using_debug_ps.elf_on_local.tcl'
17:00:20 INFO  : Registering command handlers for SDK TCF services
17:00:21 INFO  : Launching XSCT server: xsct.bat -interactive E:\WorkSpace\project\FPGA\prj_sc2238\prj_sc2238.sdk\temp_xsdb_launch_script.tcl
17:00:24 INFO  : XSCT server has started successfully.
17:00:24 INFO  : Successfully done setting XSCT server connection channel  
17:00:27 INFO  : Successfully done setting SDK workspace  
17:00:27 INFO  : Processing command line option -hwspec E:/WorkSpace/project/FPGA/prj_sc2238/prj_sc2238.sdk/top.hdf.
17:00:27 INFO  : Checking for hwspec changes in the project top_hw_platform_6.
17:07:14 INFO  : 'targets -set -filter {jtag_cable_name =~ "Digilent JTAG-HS1 210512180081" && level==0} -index 1' command is executed.
17:07:14 INFO  : 'fpga -state' command is executed.
17:07:14 INFO  : Connected to target on host '127.0.0.1' and port '3121'.
17:07:14 INFO  : Jtag cable 'Digilent JTAG-HS1 210512180081' is selected.
17:07:14 INFO  : 'jtag frequency' command is executed.
17:07:14 INFO  : Sourcing of 'E:/WorkSpace/project/FPGA/prj_sc2238/prj_sc2238.sdk/top_hw_platform_0/ps7_init.tcl' is done.
17:07:14 INFO  : Context for 'APU' is selected.
17:07:14 INFO  : Hardware design information is loaded from 'E:/WorkSpace/project/FPGA/prj_sc2238/prj_sc2238.sdk/top_hw_platform_0/system.hdf'.
17:07:14 INFO  : 'configparams force-mem-access 1' command is executed.
17:07:14 INFO  : Context for 'APU' is selected.
17:07:14 INFO  : 'stop' command is executed.
17:07:14 INFO  : 'ps7_init' command is executed.
17:07:14 INFO  : 'ps7_post_config' command is executed.
17:07:14 INFO  : Context for processor 'ps7_cortexa9_0' is selected.
17:07:15 INFO  : Processor reset is completed for 'ps7_cortexa9_0'.
17:07:15 INFO  : Context for processor 'ps7_cortexa9_0' is selected.
17:07:15 INFO  : The application 'E:/WorkSpace/project/FPGA/prj_sc2238/prj_sc2238.sdk/ps/Debug/ps.elf' is downloaded to processor 'ps7_cortexa9_0'.
17:07:15 INFO  : 'configparams force-mem-access 0' command is executed.
17:07:15 INFO  : ----------------XSDB Script----------------
connect -url tcp:127.0.0.1:3121
source E:/WorkSpace/project/FPGA/prj_sc2238/prj_sc2238.sdk/top_hw_platform_0/ps7_init.tcl
targets -set -nocase -filter {name =~"APU*" && jtag_cable_name =~ "Digilent JTAG-HS1 210512180081"} -index 0
loadhw -hw E:/WorkSpace/project/FPGA/prj_sc2238/prj_sc2238.sdk/top_hw_platform_0/system.hdf -mem-ranges [list {0x40000000 0xbfffffff}]
configparams force-mem-access 1
targets -set -nocase -filter {name =~"APU*" && jtag_cable_name =~ "Digilent JTAG-HS1 210512180081"} -index 0
stop
ps7_init
ps7_post_config
targets -set -nocase -filter {name =~ "ARM*#0" && jtag_cable_name =~ "Digilent JTAG-HS1 210512180081"} -index 0
rst -processor
targets -set -nocase -filter {name =~ "ARM*#0" && jtag_cable_name =~ "Digilent JTAG-HS1 210512180081"} -index 0
dow E:/WorkSpace/project/FPGA/prj_sc2238/prj_sc2238.sdk/ps/Debug/ps.elf
configparams force-mem-access 0
----------------End of Script----------------

17:07:15 INFO  : Memory regions updated for context APU
17:07:15 INFO  : Context for processor 'ps7_cortexa9_0' is selected.
17:07:15 INFO  : 'con' command is executed.
17:07:15 INFO  : ----------------XSDB Script (After Launch)----------------
targets -set -nocase -filter {name =~ "ARM*#0" && jtag_cable_name =~ "Digilent JTAG-HS1 210512180081"} -index 0
con
----------------End of Script----------------

17:07:15 INFO  : Launch script is exported to file 'E:\WorkSpace\project\FPGA\prj_sc2238\prj_sc2238.sdk\.sdk\launch_scripts\xilinx_c-c++_application_(system_debugger)\system_debugger_using_debug_ps.elf_on_local.tcl'
17:33:35 INFO  : Disconnected from the channel tcfchan#1.
17:33:36 INFO  : 'targets -set -filter {jtag_cable_name =~ "Digilent JTAG-HS1 210512180081" && level==0} -index 1' command is executed.
17:33:36 INFO  : 'fpga -state' command is executed.
17:33:36 INFO  : Connected to target on host '127.0.0.1' and port '3121'.
17:33:36 INFO  : Jtag cable 'Digilent JTAG-HS1 210512180081' is selected.
17:33:36 INFO  : 'jtag frequency' command is executed.
17:33:36 INFO  : Sourcing of 'E:/WorkSpace/project/FPGA/prj_sc2238/prj_sc2238.sdk/top_hw_platform_0/ps7_init.tcl' is done.
17:33:36 INFO  : Context for 'APU' is selected.
17:33:38 INFO  : Hardware design information is loaded from 'E:/WorkSpace/project/FPGA/prj_sc2238/prj_sc2238.sdk/top_hw_platform_0/system.hdf'.
17:33:38 INFO  : 'configparams force-mem-access 1' command is executed.
17:33:38 INFO  : Context for 'APU' is selected.
17:33:38 INFO  : 'stop' command is executed.
17:33:38 INFO  : 'ps7_init' command is executed.
17:33:38 INFO  : 'ps7_post_config' command is executed.
17:33:38 INFO  : Context for processor 'ps7_cortexa9_0' is selected.
17:33:38 INFO  : Processor reset is completed for 'ps7_cortexa9_0'.
17:33:38 INFO  : Context for processor 'ps7_cortexa9_0' is selected.
17:33:38 INFO  : The application 'E:/WorkSpace/project/FPGA/prj_sc2238/prj_sc2238.sdk/ps/Debug/ps.elf' is downloaded to processor 'ps7_cortexa9_0'.
17:33:38 INFO  : 'configparams force-mem-access 0' command is executed.
17:33:38 INFO  : ----------------XSDB Script----------------
connect -url tcp:127.0.0.1:3121
source E:/WorkSpace/project/FPGA/prj_sc2238/prj_sc2238.sdk/top_hw_platform_0/ps7_init.tcl
targets -set -nocase -filter {name =~"APU*" && jtag_cable_name =~ "Digilent JTAG-HS1 210512180081"} -index 0
loadhw -hw E:/WorkSpace/project/FPGA/prj_sc2238/prj_sc2238.sdk/top_hw_platform_0/system.hdf -mem-ranges [list {0x40000000 0xbfffffff}]
configparams force-mem-access 1
targets -set -nocase -filter {name =~"APU*" && jtag_cable_name =~ "Digilent JTAG-HS1 210512180081"} -index 0
stop
ps7_init
ps7_post_config
targets -set -nocase -filter {name =~ "ARM*#0" && jtag_cable_name =~ "Digilent JTAG-HS1 210512180081"} -index 0
rst -processor
targets -set -nocase -filter {name =~ "ARM*#0" && jtag_cable_name =~ "Digilent JTAG-HS1 210512180081"} -index 0
dow E:/WorkSpace/project/FPGA/prj_sc2238/prj_sc2238.sdk/ps/Debug/ps.elf
configparams force-mem-access 0
----------------End of Script----------------

17:33:38 INFO  : Memory regions updated for context APU
17:33:38 INFO  : Context for processor 'ps7_cortexa9_0' is selected.
17:33:38 INFO  : 'con' command is executed.
17:33:38 INFO  : ----------------XSDB Script (After Launch)----------------
targets -set -nocase -filter {name =~ "ARM*#0" && jtag_cable_name =~ "Digilent JTAG-HS1 210512180081"} -index 0
con
----------------End of Script----------------

17:33:38 INFO  : Launch script is exported to file 'E:\WorkSpace\project\FPGA\prj_sc2238\prj_sc2238.sdk\.sdk\launch_scripts\xilinx_c-c++_application_(system_debugger)\system_debugger_using_debug_ps.elf_on_local.tcl'
17:34:30 INFO  : Disconnected from the channel tcfchan#2.
08:29:00 INFO  : Registering command handlers for SDK TCF services
08:29:01 INFO  : Launching XSCT server: xsct.bat -interactive E:\WorkSpace\project\FPGA\prj_sc2238\prj_sc2238.sdk\temp_xsdb_launch_script.tcl
08:29:04 INFO  : XSCT server has started successfully.
08:29:07 INFO  : Successfully done setting XSCT server connection channel  
08:29:07 INFO  : Successfully done setting SDK workspace  
08:29:07 INFO  : Processing command line option -hwspec E:/WorkSpace/project/FPGA/prj_sc2238/prj_sc2238.sdk/top.hdf.
08:29:07 INFO  : Checking for hwspec changes in the project top_hw_platform_6.
10:20:52 INFO  : Registering command handlers for SDK TCF services
10:20:53 INFO  : Launching XSCT server: xsct.bat -interactive E:\WorkSpace\project\FPGA\prj_sc2238\prj_sc2238.sdk\temp_xsdb_launch_script.tcl
10:20:56 INFO  : XSCT server has started successfully.
10:20:59 INFO  : Successfully done setting XSCT server connection channel  
10:20:59 INFO  : Successfully done setting SDK workspace  
10:20:59 INFO  : Processing command line option -hwspec E:/WorkSpace/project/FPGA/prj_sc2238/prj_sc2238.sdk/top.hdf.
10:20:59 INFO  : Checking for hwspec changes in the project top_hw_platform_6.
08:49:28 INFO  : Registering command handlers for SDK TCF services
08:49:29 INFO  : Launching XSCT server: xsct.bat -interactive E:\WorkSpace\project\FPGA\prj_sc2238\prj_sc2238\prj_sc2238.sdk\temp_xsdb_launch_script.tcl
08:49:32 INFO  : XSCT server has started successfully.
08:49:34 INFO  : Successfully done setting XSCT server connection channel  
08:49:34 INFO  : Successfully done setting SDK workspace  
08:49:34 INFO  : Processing command line option -hwspec E:/WorkSpace/project/FPGA/prj_sc2238/prj_sc2238/prj_sc2238.sdk/top.hdf.
08:51:19 INFO  : 'targets -set -filter {jtag_cable_name =~ "Digilent JTAG-HS1 210512180081" && level==0} -index 1' command is executed.
08:51:19 INFO  : 'fpga -state' command is executed.
08:51:19 INFO  : Connected to target on host '127.0.0.1' and port '3121'.
08:51:19 INFO  : Jtag cable 'Digilent JTAG-HS1 210512180081' is selected.
08:51:19 INFO  : 'jtag frequency' command is executed.
08:51:19 INFO  : Sourcing of 'E:/WorkSpace/project/FPGA/prj_sc2238/prj_sc2238/prj_sc2238.sdk/top_hw_platform_0/ps7_init.tcl' is done.
08:51:19 INFO  : Context for 'APU' is selected.
08:51:19 INFO  : Hardware design information is loaded from 'E:/WorkSpace/project/FPGA/prj_sc2238/prj_sc2238/prj_sc2238.sdk/top_hw_platform_0/system.hdf'.
08:51:19 INFO  : 'configparams force-mem-access 1' command is executed.
08:51:19 INFO  : Context for 'APU' is selected.
08:51:19 INFO  : 'stop' command is executed.
08:51:19 INFO  : 'ps7_init' command is executed.
08:51:19 INFO  : 'ps7_post_config' command is executed.
08:51:19 INFO  : Context for processor 'ps7_cortexa9_0' is selected.
08:51:19 INFO  : Processor reset is completed for 'ps7_cortexa9_0'.
08:51:19 INFO  : Context for processor 'ps7_cortexa9_0' is selected.
08:51:20 INFO  : The application 'E:/WorkSpace/project/FPGA/prj_sc2238/prj_sc2238/prj_sc2238.sdk/ps/Debug/ps.elf' is downloaded to processor 'ps7_cortexa9_0'.
08:51:20 INFO  : 'configparams force-mem-access 0' command is executed.
08:51:20 INFO  : ----------------XSDB Script----------------
connect -url tcp:127.0.0.1:3121
source E:/WorkSpace/project/FPGA/prj_sc2238/prj_sc2238/prj_sc2238.sdk/top_hw_platform_0/ps7_init.tcl
targets -set -nocase -filter {name =~"APU*" && jtag_cable_name =~ "Digilent JTAG-HS1 210512180081"} -index 0
loadhw -hw E:/WorkSpace/project/FPGA/prj_sc2238/prj_sc2238/prj_sc2238.sdk/top_hw_platform_0/system.hdf -mem-ranges [list {0x40000000 0xbfffffff}]
configparams force-mem-access 1
targets -set -nocase -filter {name =~"APU*" && jtag_cable_name =~ "Digilent JTAG-HS1 210512180081"} -index 0
stop
ps7_init
ps7_post_config
targets -set -nocase -filter {name =~ "ARM*#0" && jtag_cable_name =~ "Digilent JTAG-HS1 210512180081"} -index 0
rst -processor
targets -set -nocase -filter {name =~ "ARM*#0" && jtag_cable_name =~ "Digilent JTAG-HS1 210512180081"} -index 0
dow E:/WorkSpace/project/FPGA/prj_sc2238/prj_sc2238/prj_sc2238.sdk/ps/Debug/ps.elf
configparams force-mem-access 0
----------------End of Script----------------

08:51:20 INFO  : Memory regions updated for context APU
08:51:20 INFO  : Context for processor 'ps7_cortexa9_0' is selected.
08:51:20 INFO  : 'con' command is executed.
08:51:20 INFO  : ----------------XSDB Script (After Launch)----------------
targets -set -nocase -filter {name =~ "ARM*#0" && jtag_cable_name =~ "Digilent JTAG-HS1 210512180081"} -index 0
con
----------------End of Script----------------

08:51:20 INFO  : Launch script is exported to file 'E:\WorkSpace\project\FPGA\prj_sc2238\prj_sc2238\prj_sc2238.sdk\.sdk\launch_scripts\xilinx_c-c++_application_(system_debugger)\system_debugger_using_debug_ps.elf_on_local.tcl'
09:02:12 INFO  : Registering command handlers for SDK TCF services
09:02:13 INFO  : Launching XSCT server: xsct.bat -interactive E:\WorkSpace\project\FPGA\prj_sc2238\prj_sc2238\prj_sc2238.sdk\temp_xsdb_launch_script.tcl
09:02:18 INFO  : XSCT server has started successfully.
09:02:18 INFO  : Successfully done setting XSCT server connection channel  
09:02:20 INFO  : Successfully done setting SDK workspace  
09:02:20 INFO  : Processing command line option -hwspec E:/WorkSpace/project/FPGA/prj_sc2238/prj_sc2238/prj_sc2238.sdk/top.hdf.
09:02:21 INFO  : Checking for hwspec changes in the project top_hw_platform_7.
09:03:20 INFO  : Registering command handlers for SDK TCF services
09:03:20 INFO  : Launching XSCT server: xsct.bat -interactive E:\WorkSpace\project\FPGA\prj_sc2238\prj_sc2238\prj_sc2238.sdk\temp_xsdb_launch_script.tcl
09:03:22 INFO  : XSCT server has started successfully.
09:03:22 INFO  : Successfully done setting XSCT server connection channel  
09:03:22 INFO  : Successfully done setting SDK workspace  
09:03:22 INFO  : Processing command line option -hwspec E:/WorkSpace/project/FPGA/prj_sc2238/prj_sc2238/prj_sc2238.sdk/top.hdf.
09:03:22 INFO  : Checking for hwspec changes in the project top_hw_platform_7.
09:06:30 INFO  : 'targets -set -filter {jtag_cable_name =~ "Digilent JTAG-HS1 210512180081" && level==0} -index 1' command is executed.
09:06:30 INFO  : 'fpga -state' command is executed.
09:06:30 INFO  : Connected to target on host '127.0.0.1' and port '3121'.
09:06:30 INFO  : Jtag cable 'Digilent JTAG-HS1 210512180081' is selected.
09:06:30 INFO  : 'jtag frequency' command is executed.
09:06:30 INFO  : Sourcing of 'E:/WorkSpace/project/FPGA/prj_sc2238/prj_sc2238/prj_sc2238.sdk/top_hw_platform_0/ps7_init.tcl' is done.
09:06:30 INFO  : Context for 'APU' is selected.
09:06:30 INFO  : Hardware design information is loaded from 'E:/WorkSpace/project/FPGA/prj_sc2238/prj_sc2238/prj_sc2238.sdk/top_hw_platform_0/system.hdf'.
09:06:30 INFO  : 'configparams force-mem-access 1' command is executed.
09:06:30 INFO  : Context for 'APU' is selected.
09:06:31 INFO  : 'stop' command is executed.
09:06:31 INFO  : 'ps7_init' command is executed.
09:06:31 INFO  : 'ps7_post_config' command is executed.
09:06:31 INFO  : Context for processor 'ps7_cortexa9_0' is selected.
09:06:31 INFO  : Processor reset is completed for 'ps7_cortexa9_0'.
09:06:31 INFO  : Context for processor 'ps7_cortexa9_0' is selected.
09:06:31 INFO  : The application 'E:/WorkSpace/project/FPGA/prj_sc2238/prj_sc2238/prj_sc2238.sdk/ps/Debug/ps.elf' is downloaded to processor 'ps7_cortexa9_0'.
09:06:31 INFO  : 'configparams force-mem-access 0' command is executed.
09:06:31 INFO  : ----------------XSDB Script----------------
connect -url tcp:127.0.0.1:3121
source E:/WorkSpace/project/FPGA/prj_sc2238/prj_sc2238/prj_sc2238.sdk/top_hw_platform_0/ps7_init.tcl
targets -set -nocase -filter {name =~"APU*" && jtag_cable_name =~ "Digilent JTAG-HS1 210512180081"} -index 0
loadhw -hw E:/WorkSpace/project/FPGA/prj_sc2238/prj_sc2238/prj_sc2238.sdk/top_hw_platform_0/system.hdf -mem-ranges [list {0x40000000 0xbfffffff}]
configparams force-mem-access 1
targets -set -nocase -filter {name =~"APU*" && jtag_cable_name =~ "Digilent JTAG-HS1 210512180081"} -index 0
stop
ps7_init
ps7_post_config
targets -set -nocase -filter {name =~ "ARM*#0" && jtag_cable_name =~ "Digilent JTAG-HS1 210512180081"} -index 0
rst -processor
targets -set -nocase -filter {name =~ "ARM*#0" && jtag_cable_name =~ "Digilent JTAG-HS1 210512180081"} -index 0
dow E:/WorkSpace/project/FPGA/prj_sc2238/prj_sc2238/prj_sc2238.sdk/ps/Debug/ps.elf
configparams force-mem-access 0
----------------End of Script----------------

09:06:31 INFO  : Memory regions updated for context APU
09:06:31 INFO  : Context for processor 'ps7_cortexa9_0' is selected.
09:06:31 INFO  : 'con' command is executed.
09:06:31 INFO  : ----------------XSDB Script (After Launch)----------------
targets -set -nocase -filter {name =~ "ARM*#0" && jtag_cable_name =~ "Digilent JTAG-HS1 210512180081"} -index 0
con
----------------End of Script----------------

09:06:31 INFO  : Launch script is exported to file 'E:\WorkSpace\project\FPGA\prj_sc2238\prj_sc2238\prj_sc2238.sdk\.sdk\launch_scripts\xilinx_c-c++_application_(system_debugger)\system_debugger_using_debug_ps.elf_on_local.tcl'
09:26:49 INFO  : Disconnected from the channel tcfchan#1.
